2025-06-09 14:03:45,455 - root - INFO - probra.py:28 - probra.py module loaded
2025-06-09 14:03:45,510 - root - INFO - app.py:37 - DB ENV (Flask startup): PGHOST=localhost, PGPORT=5433, PGDATABASE=toxindex, PGUSER=postgres, PGPASSWORD=devpassword
2025-06-09 14:03:45,511 - root - INFO - app.py:47 - SECRET_KEY: spain
2025-06-09 14:03:45,511 - root - INFO - app.py:48 - WTF_CSRF_ENABLED: not set
2025-06-09 14:03:45,513 - engineio.server - INFO - base_server.py:112 - Server initialized for eventlet.
2025-06-09 14:03:45,522 - root - DEBUG - datastore.py:56 - done
2025-06-09 14:03:45,523 - root - INFO - workflow.py:48 - updated workflow 1
2025-06-09 14:03:45,532 - root - DEBUG - datastore.py:56 - done
2025-06-09 14:03:45,532 - root - INFO - workflow.py:48 - updated workflow 2
2025-06-09 14:03:45,542 - root - DEBUG - datastore.py:56 - done
2025-06-09 14:03:45,543 - root - INFO - workflow.py:48 - updated workflow 3
2025-06-09 14:03:45,557 - root - DEBUG - datastore.py:56 - done
2025-06-09 14:03:45,558 - root - INFO - workflow.py:48 - updated workflow 4
2025-06-09 14:03:45,572 - werkzeug - WARNING - _internal.py:97 -  * Debugger is active!
2025-06-09 14:03:45,574 - root - INFO - app.py:89 - [redis_listener] (34409abc) Started Redis listener thread: RedisListenerThread-9a1f4b4a
2025-06-09 14:03:45,574 - root - DEBUG - app.py:91 - [redis_listener] (34409abc) Raw redis_message: {'type': 'subscribe', 'pattern': None, 'channel': b'celery_updates', 'data': 1}
2025-06-09 14:03:45,575 - werkzeug - INFO - _internal.py:97 -  * Debugger PIN: 127-684-189
2025-06-09 14:03:48,221 - engineio.server - INFO - socket.py:78 - WDpBF2ZxTk-VwaTQAAAA: Sending packet OPEN data {'sid': 'WDpBF2ZxTk-VwaTQAAAA', 'upgrades': [], 'pingTimeout': 20000, 'pingInterval': 25000, 'maxPayload': 1000000}
2025-06-09 14:03:48,222 - socketio.server - INFO - pubsub_manager.py:37 - redis backend initialized.
2025-06-09 14:03:48,222 - engineio.server - INFO - socket.py:90 - WDpBF2ZxTk-VwaTQAAAA: Received request to upgrade to websocket
2025-06-09 14:03:48,222 - engineio.server - INFO - socket.py:219 - WDpBF2ZxTk-VwaTQAAAA: Upgrade to websocket successful
2025-06-09 14:03:48,224 - engineio.server - INFO - socket.py:39 - WDpBF2ZxTk-VwaTQAAAA: Received packet MESSAGE data 0
2025-06-09 14:03:48,226 - root - INFO - app.py:146 - [socketio] Client connected: qNZb72kEDGNRyE1-AAAB
2025-06-09 14:03:48,226 - socketio.server - INFO - server.py:164 - emitting event "connected" to qNZb72kEDGNRyE1-AAAB [/]
2025-06-09 14:03:48,226 - engineio.server - INFO - socket.py:78 - WDpBF2ZxTk-VwaTQAAAA: Sending packet MESSAGE data 2["connected",{"sid":"qNZb72kEDGNRyE1-AAAB"}]
2025-06-09 14:03:48,227 - engineio.server - INFO - socket.py:78 - WDpBF2ZxTk-VwaTQAAAA: Sending packet MESSAGE data 0{"sid":"qNZb72kEDGNRyE1-AAAB"}
2025-06-09 14:03:48,270 - engineio.server - INFO - socket.py:39 - WDpBF2ZxTk-VwaTQAAAA: Received packet MESSAGE data 2["join_task_room",{"task_id":"77"}]
2025-06-09 14:03:48,270 - socketio.server - INFO - server.py:576 - received event "join_task_room" from qNZb72kEDGNRyE1-AAAB [/]
2025-06-09 14:03:48,271 - root - INFO - app.py:155 - [socketio] qNZb72kEDGNRyE1-AAAB joining room: task_77
2025-06-09 14:03:48,271 - socketio.server - INFO - server.py:284 - qNZb72kEDGNRyE1-AAAB is entering room task_77 [/]
2025-06-09 14:03:48,272 - root - INFO - app.py:157 - [socketio] qNZb72kEDGNRyE1-AAAB joined room: task_77
2025-06-09 14:03:48,272 - socketio.server - INFO - server.py:164 - emitting event "joined_task_room" to qNZb72kEDGNRyE1-AAAB [/]
2025-06-09 14:03:48,272 - engineio.server - INFO - socket.py:78 - WDpBF2ZxTk-VwaTQAAAA: Sending packet MESSAGE data 2["joined_task_room",{"task_id":"77"}]
2025-06-09 14:03:50,313 - root - INFO - message.py:67 - Retrieved 3 messages for task_id=77
2025-06-09 14:03:50,313 - root - INFO - file.py:84 - DB ENV (get_files): PGHOST=localhost, PGPORT=5433, PGDATABASE=toxindex, PGUSER=postgres, PGPASSWORD=devpassword
2025-06-09 14:03:50,313 - root - INFO - file.py:85 - Calling get_files with task_id=77 (type: <class 'int'>)
2025-06-09 14:03:50,318 - root - INFO - file.py:90 - Raw rows returned from DB for task_id=77: [[53, 77, UUID('078a38e9-c1b8-421e-b797-59ee3ae69df4'), 'probra_result_1f12a6f899554f33ab1149d80ec128bb.md', '77/probra_result_1f12a6f899554f33ab1149d80ec128bb.md', 'https://toxindex-environments-2.s3.amazonaws.com/77/probra_result_1f12a6f899554f33ab1149d80ec128bb.md?AWSAccessKeyId=ASIAQ72ED6HZEJGH3WVP&Signature=01JS4PQUWuiMCGKnQA6LOmVdh4M%3D&x-amz-security-token=IQoJb3JpZ2luX2VjENL%2F%2F%2F%2F%2F%2F%2F%2F%2F%2FwEaCXVzLWVhc3QtMSJIMEYCIQDOwWZ92rHuRduG0HlIr0ZJh5Z3246uxnkjP6Z3AOm3awIhAI2%2F%2FJZM5%2BR5bhrXR6iig0rd3blySQA3yrlUu1Ajx7lWKv4CCKv%2F%2F%2F%2F%2F%2F%2F%2F%2F%2FwEQABoMMDY4MzI1NDcwNzA2Igz73xQshCLCKsTI%2BJkq0gKuTd%2FD5VQL7pxhkvqiIelUvbuFjD91f7BqiqMhQQC89kjCNcd21Vup2gksuaOnhc7yEG%2B0Pt3Yg1z7y5HotHruO3erLdPO7DfQy%2FwECR%2F8RAqMpxLAl9PN2Om%2BJg2NQsjXWx%2BeoDHTqEMaVYNbX3466Ksu84TnSUcfpGAXbRP6MmxQR0rMnBT3%2FkyK3UJ9jZ2BOw9QPgRfLEC%2BU4g5y3e6Intt2HhFCagSH2gZ%2FeOkPZr82MNRPbQRARs2e063q17dPXYUQRD%2FsQAFpok%2BBqPoxnVxFdZanQzsP3Gi%2FhY6DnjyotEluVOE0n%2B%2BXiyNhxLV1G3BbURIHPZY5r1c3pGtl02VRS0n%2BAGMTtNt31Lj2mw9l456irbaGdchMTaUy06t6Vtm9fG3XV9JZO8R%2FfB98LK2hQM9CmnWR3sTUYs7iHAQNdnOlVKnghjd4gxH0Yp9yDC8uJzCBjqmAYdQ3F96uXXXXwcbR1jmbmd4fK5SckFBYjZkCvucBHyYkpDtU3PD2EGSmSA%2BbnUEFictfiIHpQUE8suSTEAIW%2FiTy7l30hUdl80aFffOLP9%2BroMydiJ2qQqY9USQ2Lsz2Nz%2BcqhpRqd4jhuyICgN60PfTS%2BKv3fGhT5oksGOR2juO7CW%2B%2BZiQnkqJy3mThXip04Zl4hY2ydOevXqtdTm7jN0HkcudPE%3D&Expires=1749494348', datetime.datetime(2025, 6, 9, 13, 39, 8, 573100)], [54, 77, UUID('078a38e9-c1b8-421e-b797-59ee3ae69df4'), 'probra_result_1f12a6f899554f33ab1149d80ec128bb.md', '77/probra_result_1f12a6f899554f33ab1149d80ec128bb.md', 'https://toxindex-environments-2.s3.amazonaws.com/77/probra_result_1f12a6f899554f33ab1149d80ec128bb.md?AWSAccessKeyId=ASIAQ72ED6HZEJGH3WVP&Signature=01JS4PQUWuiMCGKnQA6LOmVdh4M%3D&x-amz-security-token=IQoJb3JpZ2luX2VjENL%2F%2F%2F%2F%2F%2F%2F%2F%2F%2FwEaCXVzLWVhc3QtMSJIMEYCIQDOwWZ92rHuRduG0HlIr0ZJh5Z3246uxnkjP6Z3AOm3awIhAI2%2F%2FJZM5%2BR5bhrXR6iig0rd3blySQA3yrlUu1Ajx7lWKv4CCKv%2F%2F%2F%2F%2F%2F%2F%2F%2F%2FwEQABoMMDY4MzI1NDcwNzA2Igz73xQshCLCKsTI%2BJkq0gKuTd%2FD5VQL7pxhkvqiIelUvbuFjD91f7BqiqMhQQC89kjCNcd21Vup2gksuaOnhc7yEG%2B0Pt3Yg1z7y5HotHruO3erLdPO7DfQy%2FwECR%2F8RAqMpxLAl9PN2Om%2BJg2NQsjXWx%2BeoDHTqEMaVYNbX3466Ksu84TnSUcfpGAXbRP6MmxQR0rMnBT3%2FkyK3UJ9jZ2BOw9QPgRfLEC%2BU4g5y3e6Intt2HhFCagSH2gZ%2FeOkPZr82MNRPbQRARs2e063q17dPXYUQRD%2FsQAFpok%2BBqPoxnVxFdZanQzsP3Gi%2FhY6DnjyotEluVOE0n%2B%2BXiyNhxLV1G3BbURIHPZY5r1c3pGtl02VRS0n%2BAGMTtNt31Lj2mw9l456irbaGdchMTaUy06t6Vtm9fG3XV9JZO8R%2FfB98LK2hQM9CmnWR3sTUYs7iHAQNdnOlVKnghjd4gxH0Yp9yDC8uJzCBjqmAYdQ3F96uXXXXwcbR1jmbmd4fK5SckFBYjZkCvucBHyYkpDtU3PD2EGSmSA%2BbnUEFictfiIHpQUE8suSTEAIW%2FiTy7l30hUdl80aFffOLP9%2BroMydiJ2qQqY9USQ2Lsz2Nz%2BcqhpRqd4jhuyICgN60PfTS%2BKv3fGhT5oksGOR2juO7CW%2B%2BZiQnkqJy3mThXip04Zl4hY2ydOevXqtdTm7jN0HkcudPE%3D&Expires=1749494348', datetime.datetime(2025, 6, 9, 13, 39, 8, 573571)]]
2025-06-09 14:03:50,318 - root - INFO - file.py:94 - Found 2 files in DB for task_id=77
2025-06-09 14:03:50,319 - root - WARNING - file.py:130 - Could not read file 77/probra_result_1f12a6f899554f33ab1149d80ec128bb.md: [Errno 2] No such file or directory: '77/probra_result_1f12a6f899554f33ab1149d80ec128bb.md'
2025-06-09 14:03:50,319 - root - WARNING - file.py:130 - Could not read file 77/probra_result_1f12a6f899554f33ab1149d80ec128bb.md: [Errno 2] No such file or directory: '77/probra_result_1f12a6f899554f33ab1149d80ec128bb.md'
2025-06-09 14:03:50,373 - MARKDOWN - DEBUG - core.py:182 - Successfully loaded extension "markdown.extensions.fenced_code.FencedCodeExtension".
2025-06-09 14:03:50,374 - MARKDOWN - DEBUG - core.py:182 - Successfully loaded extension "markdown.extensions.footnotes.FootnoteExtension".
2025-06-09 14:03:50,374 - MARKDOWN - DEBUG - core.py:182 - Successfully loaded extension "markdown.extensions.attr_list.AttrListExtension".
2025-06-09 14:03:50,374 - MARKDOWN - DEBUG - core.py:182 - Successfully loaded extension "markdown.extensions.def_list.DefListExtension".
2025-06-09 14:03:50,374 - MARKDOWN - DEBUG - core.py:182 - Successfully loaded extension "markdown.extensions.tables.TableExtension".
2025-06-09 14:03:50,374 - MARKDOWN - DEBUG - core.py:182 - Successfully loaded extension "markdown.extensions.abbr.AbbrExtension".
2025-06-09 14:03:50,375 - MARKDOWN - DEBUG - core.py:182 - Successfully loaded extension "markdown.extensions.md_in_html.MarkdownInHtmlExtension".
2025-06-09 14:03:50,375 - MARKDOWN - DEBUG - core.py:182 - Successfully loaded extension "markdown.extensions.extra.ExtraExtension".
2025-06-09 14:03:50,375 - MARKDOWN - DEBUG - core.py:182 - Successfully loaded extension "markdown.extensions.tables.TableExtension".
2025-06-09 14:03:50,413 - engineio.server - INFO - socket.py:78 - zxIdkYHqFQ02LCs0AAAC: Sending packet OPEN data {'sid': 'zxIdkYHqFQ02LCs0AAAC', 'upgrades': [], 'pingTimeout': 20000, 'pingInterval': 25000, 'maxPayload': 1000000}
2025-06-09 14:03:50,413 - engineio.server - INFO - socket.py:90 - zxIdkYHqFQ02LCs0AAAC: Received request to upgrade to websocket
2025-06-09 14:03:50,413 - engineio.server - INFO - socket.py:219 - zxIdkYHqFQ02LCs0AAAC: Upgrade to websocket successful
2025-06-09 14:03:50,434 - engineio.server - INFO - socket.py:39 - zxIdkYHqFQ02LCs0AAAC: Received packet MESSAGE data 0
2025-06-09 14:03:50,435 - root - INFO - app.py:146 - [socketio] Client connected: lq5k1GJjWNgARwO9AAAD
2025-06-09 14:03:50,435 - socketio.server - INFO - server.py:164 - emitting event "connected" to lq5k1GJjWNgARwO9AAAD [/]
2025-06-09 14:03:50,435 - engineio.server - INFO - socket.py:78 - zxIdkYHqFQ02LCs0AAAC: Sending packet MESSAGE data 2["connected",{"sid":"lq5k1GJjWNgARwO9AAAD"}]
2025-06-09 14:03:50,436 - engineio.server - INFO - socket.py:78 - zxIdkYHqFQ02LCs0AAAC: Sending packet MESSAGE data 0{"sid":"lq5k1GJjWNgARwO9AAAD"}
2025-06-09 14:03:50,478 - engineio.server - INFO - socket.py:39 - zxIdkYHqFQ02LCs0AAAC: Received packet MESSAGE data 2["join_task_room",{"task_id":"77"}]
2025-06-09 14:03:50,478 - socketio.server - INFO - server.py:576 - received event "join_task_room" from lq5k1GJjWNgARwO9AAAD [/]
2025-06-09 14:03:50,479 - root - INFO - app.py:155 - [socketio] lq5k1GJjWNgARwO9AAAD joining room: task_77
2025-06-09 14:03:50,479 - socketio.server - INFO - server.py:284 - lq5k1GJjWNgARwO9AAAD is entering room task_77 [/]
2025-06-09 14:03:50,480 - root - INFO - app.py:157 - [socketio] lq5k1GJjWNgARwO9AAAD joined room: task_77
2025-06-09 14:03:50,480 - socketio.server - INFO - server.py:164 - emitting event "joined_task_room" to lq5k1GJjWNgARwO9AAAD [/]
2025-06-09 14:03:50,480 - engineio.server - INFO - socket.py:78 - zxIdkYHqFQ02LCs0AAAC: Sending packet MESSAGE data 2["joined_task_room",{"task_id":"77"}]
2025-06-09 14:03:51,655 - root - INFO - app.py:393 - [environment_view] workflow_titles mapping: {'4': 'orchestrate', '3': 'ToxJson', '2': 'ToxDirect', '1': 'ToxRAP'}
2025-06-09 14:03:51,683 - engineio.server - INFO - socket.py:78 - GC4i2VgNEwyD8j6WAAAE: Sending packet OPEN data {'sid': 'GC4i2VgNEwyD8j6WAAAE', 'upgrades': [], 'pingTimeout': 20000, 'pingInterval': 25000, 'maxPayload': 1000000}
2025-06-09 14:03:51,684 - engineio.server - INFO - socket.py:90 - GC4i2VgNEwyD8j6WAAAE: Received request to upgrade to websocket
2025-06-09 14:03:51,684 - engineio.server - INFO - socket.py:219 - GC4i2VgNEwyD8j6WAAAE: Upgrade to websocket successful
2025-06-09 14:03:51,697 - engineio.server - INFO - socket.py:39 - GC4i2VgNEwyD8j6WAAAE: Received packet MESSAGE data 0
2025-06-09 14:03:51,698 - root - INFO - app.py:146 - [socketio] Client connected: RZbVjFvtn4yiS-V7AAAF
2025-06-09 14:03:51,698 - socketio.server - INFO - server.py:164 - emitting event "connected" to RZbVjFvtn4yiS-V7AAAF [/]
2025-06-09 14:03:51,698 - engineio.server - INFO - socket.py:78 - GC4i2VgNEwyD8j6WAAAE: Sending packet MESSAGE data 2["connected",{"sid":"RZbVjFvtn4yiS-V7AAAF"}]
2025-06-09 14:03:51,698 - engineio.server - INFO - socket.py:78 - GC4i2VgNEwyD8j6WAAAE: Sending packet MESSAGE data 0{"sid":"RZbVjFvtn4yiS-V7AAAF"}
2025-06-09 14:03:52,571 - root - INFO - message.py:67 - Retrieved 3 messages for task_id=77
2025-06-09 14:03:52,571 - root - INFO - file.py:84 - DB ENV (get_files): PGHOST=localhost, PGPORT=5433, PGDATABASE=toxindex, PGUSER=postgres, PGPASSWORD=devpassword
2025-06-09 14:03:52,572 - root - INFO - file.py:85 - Calling get_files with task_id=77 (type: <class 'int'>)
2025-06-09 14:03:52,577 - root - INFO - file.py:90 - Raw rows returned from DB for task_id=77: [[53, 77, UUID('078a38e9-c1b8-421e-b797-59ee3ae69df4'), 'probra_result_1f12a6f899554f33ab1149d80ec128bb.md', '77/probra_result_1f12a6f899554f33ab1149d80ec128bb.md', 'https://toxindex-environments-2.s3.amazonaws.com/77/probra_result_1f12a6f899554f33ab1149d80ec128bb.md?AWSAccessKeyId=ASIAQ72ED6HZEJGH3WVP&Signature=01JS4PQUWuiMCGKnQA6LOmVdh4M%3D&x-amz-security-token=IQoJb3JpZ2luX2VjENL%2F%2F%2F%2F%2F%2F%2F%2F%2F%2FwEaCXVzLWVhc3QtMSJIMEYCIQDOwWZ92rHuRduG0HlIr0ZJh5Z3246uxnkjP6Z3AOm3awIhAI2%2F%2FJZM5%2BR5bhrXR6iig0rd3blySQA3yrlUu1Ajx7lWKv4CCKv%2F%2F%2F%2F%2F%2F%2F%2F%2F%2FwEQABoMMDY4MzI1NDcwNzA2Igz73xQshCLCKsTI%2BJkq0gKuTd%2FD5VQL7pxhkvqiIelUvbuFjD91f7BqiqMhQQC89kjCNcd21Vup2gksuaOnhc7yEG%2B0Pt3Yg1z7y5HotHruO3erLdPO7DfQy%2FwECR%2F8RAqMpxLAl9PN2Om%2BJg2NQsjXWx%2BeoDHTqEMaVYNbX3466Ksu84TnSUcfpGAXbRP6MmxQR0rMnBT3%2FkyK3UJ9jZ2BOw9QPgRfLEC%2BU4g5y3e6Intt2HhFCagSH2gZ%2FeOkPZr82MNRPbQRARs2e063q17dPXYUQRD%2FsQAFpok%2BBqPoxnVxFdZanQzsP3Gi%2FhY6DnjyotEluVOE0n%2B%2BXiyNhxLV1G3BbURIHPZY5r1c3pGtl02VRS0n%2BAGMTtNt31Lj2mw9l456irbaGdchMTaUy06t6Vtm9fG3XV9JZO8R%2FfB98LK2hQM9CmnWR3sTUYs7iHAQNdnOlVKnghjd4gxH0Yp9yDC8uJzCBjqmAYdQ3F96uXXXXwcbR1jmbmd4fK5SckFBYjZkCvucBHyYkpDtU3PD2EGSmSA%2BbnUEFictfiIHpQUE8suSTEAIW%2FiTy7l30hUdl80aFffOLP9%2BroMydiJ2qQqY9USQ2Lsz2Nz%2BcqhpRqd4jhuyICgN60PfTS%2BKv3fGhT5oksGOR2juO7CW%2B%2BZiQnkqJy3mThXip04Zl4hY2ydOevXqtdTm7jN0HkcudPE%3D&Expires=1749494348', datetime.datetime(2025, 6, 9, 13, 39, 8, 573100)], [54, 77, UUID('078a38e9-c1b8-421e-b797-59ee3ae69df4'), 'probra_result_1f12a6f899554f33ab1149d80ec128bb.md', '77/probra_result_1f12a6f899554f33ab1149d80ec128bb.md', 'https://toxindex-environments-2.s3.amazonaws.com/77/probra_result_1f12a6f899554f33ab1149d80ec128bb.md?AWSAccessKeyId=ASIAQ72ED6HZEJGH3WVP&Signature=01JS4PQUWuiMCGKnQA6LOmVdh4M%3D&x-amz-security-token=IQoJb3JpZ2luX2VjENL%2F%2F%2F%2F%2F%2F%2F%2F%2F%2FwEaCXVzLWVhc3QtMSJIMEYCIQDOwWZ92rHuRduG0HlIr0ZJh5Z3246uxnkjP6Z3AOm3awIhAI2%2F%2FJZM5%2BR5bhrXR6iig0rd3blySQA3yrlUu1Ajx7lWKv4CCKv%2F%2F%2F%2F%2F%2F%2F%2F%2F%2FwEQABoMMDY4MzI1NDcwNzA2Igz73xQshCLCKsTI%2BJkq0gKuTd%2FD5VQL7pxhkvqiIelUvbuFjD91f7BqiqMhQQC89kjCNcd21Vup2gksuaOnhc7yEG%2B0Pt3Yg1z7y5HotHruO3erLdPO7DfQy%2FwECR%2F8RAqMpxLAl9PN2Om%2BJg2NQsjXWx%2BeoDHTqEMaVYNbX3466Ksu84TnSUcfpGAXbRP6MmxQR0rMnBT3%2FkyK3UJ9jZ2BOw9QPgRfLEC%2BU4g5y3e6Intt2HhFCagSH2gZ%2FeOkPZr82MNRPbQRARs2e063q17dPXYUQRD%2FsQAFpok%2BBqPoxnVxFdZanQzsP3Gi%2FhY6DnjyotEluVOE0n%2B%2BXiyNhxLV1G3BbURIHPZY5r1c3pGtl02VRS0n%2BAGMTtNt31Lj2mw9l456irbaGdchMTaUy06t6Vtm9fG3XV9JZO8R%2FfB98LK2hQM9CmnWR3sTUYs7iHAQNdnOlVKnghjd4gxH0Yp9yDC8uJzCBjqmAYdQ3F96uXXXXwcbR1jmbmd4fK5SckFBYjZkCvucBHyYkpDtU3PD2EGSmSA%2BbnUEFictfiIHpQUE8suSTEAIW%2FiTy7l30hUdl80aFffOLP9%2BroMydiJ2qQqY9USQ2Lsz2Nz%2BcqhpRqd4jhuyICgN60PfTS%2BKv3fGhT5oksGOR2juO7CW%2B%2BZiQnkqJy3mThXip04Zl4hY2ydOevXqtdTm7jN0HkcudPE%3D&Expires=1749494348', datetime.datetime(2025, 6, 9, 13, 39, 8, 573571)]]
2025-06-09 14:03:52,578 - root - INFO - file.py:94 - Found 2 files in DB for task_id=77
2025-06-09 14:03:52,578 - root - WARNING - file.py:130 - Could not read file 77/probra_result_1f12a6f899554f33ab1149d80ec128bb.md: [Errno 2] No such file or directory: '77/probra_result_1f12a6f899554f33ab1149d80ec128bb.md'
2025-06-09 14:03:52,578 - root - WARNING - file.py:130 - Could not read file 77/probra_result_1f12a6f899554f33ab1149d80ec128bb.md: [Errno 2] No such file or directory: '77/probra_result_1f12a6f899554f33ab1149d80ec128bb.md'
2025-06-09 14:03:52,579 - MARKDOWN - DEBUG - core.py:182 - Successfully loaded extension "markdown.extensions.fenced_code.FencedCodeExtension".
2025-06-09 14:03:52,579 - MARKDOWN - DEBUG - core.py:182 - Successfully loaded extension "markdown.extensions.footnotes.FootnoteExtension".
2025-06-09 14:03:52,579 - MARKDOWN - DEBUG - core.py:182 - Successfully loaded extension "markdown.extensions.attr_list.AttrListExtension".
2025-06-09 14:03:52,579 - MARKDOWN - DEBUG - core.py:182 - Successfully loaded extension "markdown.extensions.def_list.DefListExtension".
2025-06-09 14:03:52,580 - MARKDOWN - DEBUG - core.py:182 - Successfully loaded extension "markdown.extensions.tables.TableExtension".
2025-06-09 14:03:52,580 - MARKDOWN - DEBUG - core.py:182 - Successfully loaded extension "markdown.extensions.abbr.AbbrExtension".
2025-06-09 14:03:52,580 - MARKDOWN - DEBUG - core.py:182 - Successfully loaded extension "markdown.extensions.md_in_html.MarkdownInHtmlExtension".
2025-06-09 14:03:52,580 - MARKDOWN - DEBUG - core.py:182 - Successfully loaded extension "markdown.extensions.extra.ExtraExtension".
2025-06-09 14:03:52,580 - MARKDOWN - DEBUG - core.py:182 - Successfully loaded extension "markdown.extensions.tables.TableExtension".
2025-06-09 14:03:52,641 - engineio.server - INFO - socket.py:78 - ZVVmBnHOh3TQnHO6AAAG: Sending packet OPEN data {'sid': 'ZVVmBnHOh3TQnHO6AAAG', 'upgrades': [], 'pingTimeout': 20000, 'pingInterval': 25000, 'maxPayload': 1000000}
2025-06-09 14:03:52,642 - engineio.server - INFO - socket.py:90 - ZVVmBnHOh3TQnHO6AAAG: Received request to upgrade to websocket
2025-06-09 14:03:52,642 - engineio.server - INFO - socket.py:219 - ZVVmBnHOh3TQnHO6AAAG: Upgrade to websocket successful
2025-06-09 14:03:52,668 - engineio.server - INFO - socket.py:39 - ZVVmBnHOh3TQnHO6AAAG: Received packet MESSAGE data 0
2025-06-09 14:03:52,668 - root - INFO - app.py:146 - [socketio] Client connected: 3VnBsHBzooK63ozGAAAH
2025-06-09 14:03:52,668 - socketio.server - INFO - server.py:164 - emitting event "connected" to 3VnBsHBzooK63ozGAAAH [/]
2025-06-09 14:03:52,668 - engineio.server - INFO - socket.py:78 - ZVVmBnHOh3TQnHO6AAAG: Sending packet MESSAGE data 2["connected",{"sid":"3VnBsHBzooK63ozGAAAH"}]
2025-06-09 14:03:52,669 - engineio.server - INFO - socket.py:78 - ZVVmBnHOh3TQnHO6AAAG: Sending packet MESSAGE data 0{"sid":"3VnBsHBzooK63ozGAAAH"}
2025-06-09 14:03:52,715 - engineio.server - INFO - socket.py:39 - ZVVmBnHOh3TQnHO6AAAG: Received packet MESSAGE data 2["join_task_room",{"task_id":"77"}]
2025-06-09 14:03:52,715 - socketio.server - INFO - server.py:576 - received event "join_task_room" from 3VnBsHBzooK63ozGAAAH [/]
2025-06-09 14:03:52,716 - root - INFO - app.py:155 - [socketio] 3VnBsHBzooK63ozGAAAH joining room: task_77
2025-06-09 14:03:52,716 - socketio.server - INFO - server.py:284 - 3VnBsHBzooK63ozGAAAH is entering room task_77 [/]
2025-06-09 14:03:52,716 - root - INFO - app.py:157 - [socketio] 3VnBsHBzooK63ozGAAAH joined room: task_77
2025-06-09 14:03:52,716 - socketio.server - INFO - server.py:164 - emitting event "joined_task_room" to 3VnBsHBzooK63ozGAAAH [/]
2025-06-09 14:03:52,716 - engineio.server - INFO - socket.py:78 - ZVVmBnHOh3TQnHO6AAAG: Sending packet MESSAGE data 2["joined_task_room",{"task_id":"77"}]
2025-06-09 14:03:56,742 - root - INFO - message.py:67 - Retrieved 3 messages for task_id=77
2025-06-09 14:03:56,742 - root - INFO - file.py:84 - DB ENV (get_files): PGHOST=localhost, PGPORT=5433, PGDATABASE=toxindex, PGUSER=postgres, PGPASSWORD=devpassword
2025-06-09 14:03:56,742 - root - INFO - file.py:85 - Calling get_files with task_id=77 (type: <class 'int'>)
2025-06-09 14:03:56,748 - root - INFO - file.py:90 - Raw rows returned from DB for task_id=77: [[53, 77, UUID('078a38e9-c1b8-421e-b797-59ee3ae69df4'), 'probra_result_1f12a6f899554f33ab1149d80ec128bb.md', '77/probra_result_1f12a6f899554f33ab1149d80ec128bb.md', 'https://toxindex-environments-2.s3.amazonaws.com/77/probra_result_1f12a6f899554f33ab1149d80ec128bb.md?AWSAccessKeyId=ASIAQ72ED6HZEJGH3WVP&Signature=01JS4PQUWuiMCGKnQA6LOmVdh4M%3D&x-amz-security-token=IQoJb3JpZ2luX2VjENL%2F%2F%2F%2F%2F%2F%2F%2F%2F%2FwEaCXVzLWVhc3QtMSJIMEYCIQDOwWZ92rHuRduG0HlIr0ZJh5Z3246uxnkjP6Z3AOm3awIhAI2%2F%2FJZM5%2BR5bhrXR6iig0rd3blySQA3yrlUu1Ajx7lWKv4CCKv%2F%2F%2F%2F%2F%2F%2F%2F%2F%2FwEQABoMMDY4MzI1NDcwNzA2Igz73xQshCLCKsTI%2BJkq0gKuTd%2FD5VQL7pxhkvqiIelUvbuFjD91f7BqiqMhQQC89kjCNcd21Vup2gksuaOnhc7yEG%2B0Pt3Yg1z7y5HotHruO3erLdPO7DfQy%2FwECR%2F8RAqMpxLAl9PN2Om%2BJg2NQsjXWx%2BeoDHTqEMaVYNbX3466Ksu84TnSUcfpGAXbRP6MmxQR0rMnBT3%2FkyK3UJ9jZ2BOw9QPgRfLEC%2BU4g5y3e6Intt2HhFCagSH2gZ%2FeOkPZr82MNRPbQRARs2e063q17dPXYUQRD%2FsQAFpok%2BBqPoxnVxFdZanQzsP3Gi%2FhY6DnjyotEluVOE0n%2B%2BXiyNhxLV1G3BbURIHPZY5r1c3pGtl02VRS0n%2BAGMTtNt31Lj2mw9l456irbaGdchMTaUy06t6Vtm9fG3XV9JZO8R%2FfB98LK2hQM9CmnWR3sTUYs7iHAQNdnOlVKnghjd4gxH0Yp9yDC8uJzCBjqmAYdQ3F96uXXXXwcbR1jmbmd4fK5SckFBYjZkCvucBHyYkpDtU3PD2EGSmSA%2BbnUEFictfiIHpQUE8suSTEAIW%2FiTy7l30hUdl80aFffOLP9%2BroMydiJ2qQqY9USQ2Lsz2Nz%2BcqhpRqd4jhuyICgN60PfTS%2BKv3fGhT5oksGOR2juO7CW%2B%2BZiQnkqJy3mThXip04Zl4hY2ydOevXqtdTm7jN0HkcudPE%3D&Expires=1749494348', datetime.datetime(2025, 6, 9, 13, 39, 8, 573100)], [54, 77, UUID('078a38e9-c1b8-421e-b797-59ee3ae69df4'), 'probra_result_1f12a6f899554f33ab1149d80ec128bb.md', '77/probra_result_1f12a6f899554f33ab1149d80ec128bb.md', 'https://toxindex-environments-2.s3.amazonaws.com/77/probra_result_1f12a6f899554f33ab1149d80ec128bb.md?AWSAccessKeyId=ASIAQ72ED6HZEJGH3WVP&Signature=01JS4PQUWuiMCGKnQA6LOmVdh4M%3D&x-amz-security-token=IQoJb3JpZ2luX2VjENL%2F%2F%2F%2F%2F%2F%2F%2F%2F%2FwEaCXVzLWVhc3QtMSJIMEYCIQDOwWZ92rHuRduG0HlIr0ZJh5Z3246uxnkjP6Z3AOm3awIhAI2%2F%2FJZM5%2BR5bhrXR6iig0rd3blySQA3yrlUu1Ajx7lWKv4CCKv%2F%2F%2F%2F%2F%2F%2F%2F%2F%2FwEQABoMMDY4MzI1NDcwNzA2Igz73xQshCLCKsTI%2BJkq0gKuTd%2FD5VQL7pxhkvqiIelUvbuFjD91f7BqiqMhQQC89kjCNcd21Vup2gksuaOnhc7yEG%2B0Pt3Yg1z7y5HotHruO3erLdPO7DfQy%2FwECR%2F8RAqMpxLAl9PN2Om%2BJg2NQsjXWx%2BeoDHTqEMaVYNbX3466Ksu84TnSUcfpGAXbRP6MmxQR0rMnBT3%2FkyK3UJ9jZ2BOw9QPgRfLEC%2BU4g5y3e6Intt2HhFCagSH2gZ%2FeOkPZr82MNRPbQRARs2e063q17dPXYUQRD%2FsQAFpok%2BBqPoxnVxFdZanQzsP3Gi%2FhY6DnjyotEluVOE0n%2B%2BXiyNhxLV1G3BbURIHPZY5r1c3pGtl02VRS0n%2BAGMTtNt31Lj2mw9l456irbaGdchMTaUy06t6Vtm9fG3XV9JZO8R%2FfB98LK2hQM9CmnWR3sTUYs7iHAQNdnOlVKnghjd4gxH0Yp9yDC8uJzCBjqmAYdQ3F96uXXXXwcbR1jmbmd4fK5SckFBYjZkCvucBHyYkpDtU3PD2EGSmSA%2BbnUEFictfiIHpQUE8suSTEAIW%2FiTy7l30hUdl80aFffOLP9%2BroMydiJ2qQqY9USQ2Lsz2Nz%2BcqhpRqd4jhuyICgN60PfTS%2BKv3fGhT5oksGOR2juO7CW%2B%2BZiQnkqJy3mThXip04Zl4hY2ydOevXqtdTm7jN0HkcudPE%3D&Expires=1749494348', datetime.datetime(2025, 6, 9, 13, 39, 8, 573571)]]
2025-06-09 14:03:56,748 - root - INFO - file.py:94 - Found 2 files in DB for task_id=77
2025-06-09 14:03:56,749 - root - WARNING - file.py:130 - Could not read file 77/probra_result_1f12a6f899554f33ab1149d80ec128bb.md: [Errno 2] No such file or directory: '77/probra_result_1f12a6f899554f33ab1149d80ec128bb.md'
2025-06-09 14:03:56,749 - root - WARNING - file.py:130 - Could not read file 77/probra_result_1f12a6f899554f33ab1149d80ec128bb.md: [Errno 2] No such file or directory: '77/probra_result_1f12a6f899554f33ab1149d80ec128bb.md'
2025-06-09 14:03:56,750 - MARKDOWN - DEBUG - core.py:182 - Successfully loaded extension "markdown.extensions.fenced_code.FencedCodeExtension".
2025-06-09 14:03:56,750 - MARKDOWN - DEBUG - core.py:182 - Successfully loaded extension "markdown.extensions.footnotes.FootnoteExtension".
2025-06-09 14:03:56,750 - MARKDOWN - DEBUG - core.py:182 - Successfully loaded extension "markdown.extensions.attr_list.AttrListExtension".
2025-06-09 14:03:56,750 - MARKDOWN - DEBUG - core.py:182 - Successfully loaded extension "markdown.extensions.def_list.DefListExtension".
2025-06-09 14:03:56,750 - MARKDOWN - DEBUG - core.py:182 - Successfully loaded extension "markdown.extensions.tables.TableExtension".
2025-06-09 14:03:56,751 - MARKDOWN - DEBUG - core.py:182 - Successfully loaded extension "markdown.extensions.abbr.AbbrExtension".
2025-06-09 14:03:56,751 - MARKDOWN - DEBUG - core.py:182 - Successfully loaded extension "markdown.extensions.md_in_html.MarkdownInHtmlExtension".
2025-06-09 14:03:56,751 - MARKDOWN - DEBUG - core.py:182 - Successfully loaded extension "markdown.extensions.extra.ExtraExtension".
2025-06-09 14:03:56,751 - MARKDOWN - DEBUG - core.py:182 - Successfully loaded extension "markdown.extensions.tables.TableExtension".
2025-06-09 14:03:56,809 - engineio.server - INFO - socket.py:78 - 9QvTDb5Zqke9kUlmAAAI: Sending packet OPEN data {'sid': '9QvTDb5Zqke9kUlmAAAI', 'upgrades': [], 'pingTimeout': 20000, 'pingInterval': 25000, 'maxPayload': 1000000}
2025-06-09 14:03:56,809 - engineio.server - INFO - socket.py:90 - 9QvTDb5Zqke9kUlmAAAI: Received request to upgrade to websocket
2025-06-09 14:03:56,810 - engineio.server - INFO - socket.py:219 - 9QvTDb5Zqke9kUlmAAAI: Upgrade to websocket successful
2025-06-09 14:03:56,831 - engineio.server - INFO - socket.py:39 - 9QvTDb5Zqke9kUlmAAAI: Received packet MESSAGE data 0
2025-06-09 14:03:56,831 - root - INFO - app.py:146 - [socketio] Client connected: KlcpeOwnhUZWF33AAAAJ
2025-06-09 14:03:56,832 - socketio.server - INFO - server.py:164 - emitting event "connected" to KlcpeOwnhUZWF33AAAAJ [/]
2025-06-09 14:03:56,832 - engineio.server - INFO - socket.py:78 - 9QvTDb5Zqke9kUlmAAAI: Sending packet MESSAGE data 2["connected",{"sid":"KlcpeOwnhUZWF33AAAAJ"}]
2025-06-09 14:03:56,832 - engineio.server - INFO - socket.py:78 - 9QvTDb5Zqke9kUlmAAAI: Sending packet MESSAGE data 0{"sid":"KlcpeOwnhUZWF33AAAAJ"}
2025-06-09 14:03:56,874 - engineio.server - INFO - socket.py:39 - 9QvTDb5Zqke9kUlmAAAI: Received packet MESSAGE data 2["join_task_room",{"task_id":"77"}]
2025-06-09 14:03:56,875 - socketio.server - INFO - server.py:576 - received event "join_task_room" from KlcpeOwnhUZWF33AAAAJ [/]
2025-06-09 14:03:56,876 - root - INFO - app.py:155 - [socketio] KlcpeOwnhUZWF33AAAAJ joining room: task_77
2025-06-09 14:03:56,876 - socketio.server - INFO - server.py:284 - KlcpeOwnhUZWF33AAAAJ is entering room task_77 [/]
2025-06-09 14:03:56,876 - root - INFO - app.py:157 - [socketio] KlcpeOwnhUZWF33AAAAJ joined room: task_77
2025-06-09 14:03:56,876 - socketio.server - INFO - server.py:164 - emitting event "joined_task_room" to KlcpeOwnhUZWF33AAAAJ [/]
2025-06-09 14:03:56,877 - engineio.server - INFO - socket.py:78 - 9QvTDb5Zqke9kUlmAAAI: Sending packet MESSAGE data 2["joined_task_room",{"task_id":"77"}]
2025-06-09 14:04:21,814 - engineio.server - INFO - socket.py:78 - 9QvTDb5Zqke9kUlmAAAI: Sending packet PING data None
2025-06-09 14:04:21,817 - engineio.server - INFO - socket.py:39 - 9QvTDb5Zqke9kUlmAAAI: Received packet PONG data 
2025-06-09 14:04:46,819 - engineio.server - INFO - socket.py:78 - 9QvTDb5Zqke9kUlmAAAI: Sending packet PING data None
2025-06-09 14:04:46,821 - engineio.server - INFO - socket.py:39 - 9QvTDb5Zqke9kUlmAAAI: Received packet PONG data 
2025-06-09 14:05:11,826 - engineio.server - INFO - socket.py:78 - 9QvTDb5Zqke9kUlmAAAI: Sending packet PING data None
2025-06-09 14:05:11,829 - engineio.server - INFO - socket.py:39 - 9QvTDb5Zqke9kUlmAAAI: Received packet PONG data 
2025-06-09 14:05:23,365 - root - INFO - message.py:67 - Retrieved 3 messages for task_id=77
2025-06-09 14:05:23,365 - root - INFO - file.py:84 - DB ENV (get_files): PGHOST=localhost, PGPORT=5433, PGDATABASE=toxindex, PGUSER=postgres, PGPASSWORD=devpassword
2025-06-09 14:05:23,365 - root - INFO - file.py:85 - Calling get_files with task_id=77 (type: <class 'int'>)
2025-06-09 14:05:23,369 - root - INFO - file.py:90 - Raw rows returned from DB for task_id=77: [[53, 77, UUID('078a38e9-c1b8-421e-b797-59ee3ae69df4'), 'probra_result_1f12a6f899554f33ab1149d80ec128bb.md', '77/probra_result_1f12a6f899554f33ab1149d80ec128bb.md', 'https://toxindex-environments-2.s3.amazonaws.com/77/probra_result_1f12a6f899554f33ab1149d80ec128bb.md?AWSAccessKeyId=ASIAQ72ED6HZEJGH3WVP&Signature=01JS4PQUWuiMCGKnQA6LOmVdh4M%3D&x-amz-security-token=IQoJb3JpZ2luX2VjENL%2F%2F%2F%2F%2F%2F%2F%2F%2F%2FwEaCXVzLWVhc3QtMSJIMEYCIQDOwWZ92rHuRduG0HlIr0ZJh5Z3246uxnkjP6Z3AOm3awIhAI2%2F%2FJZM5%2BR5bhrXR6iig0rd3blySQA3yrlUu1Ajx7lWKv4CCKv%2F%2F%2F%2F%2F%2F%2F%2F%2F%2FwEQABoMMDY4MzI1NDcwNzA2Igz73xQshCLCKsTI%2BJkq0gKuTd%2FD5VQL7pxhkvqiIelUvbuFjD91f7BqiqMhQQC89kjCNcd21Vup2gksuaOnhc7yEG%2B0Pt3Yg1z7y5HotHruO3erLdPO7DfQy%2FwECR%2F8RAqMpxLAl9PN2Om%2BJg2NQsjXWx%2BeoDHTqEMaVYNbX3466Ksu84TnSUcfpGAXbRP6MmxQR0rMnBT3%2FkyK3UJ9jZ2BOw9QPgRfLEC%2BU4g5y3e6Intt2HhFCagSH2gZ%2FeOkPZr82MNRPbQRARs2e063q17dPXYUQRD%2FsQAFpok%2BBqPoxnVxFdZanQzsP3Gi%2FhY6DnjyotEluVOE0n%2B%2BXiyNhxLV1G3BbURIHPZY5r1c3pGtl02VRS0n%2BAGMTtNt31Lj2mw9l456irbaGdchMTaUy06t6Vtm9fG3XV9JZO8R%2FfB98LK2hQM9CmnWR3sTUYs7iHAQNdnOlVKnghjd4gxH0Yp9yDC8uJzCBjqmAYdQ3F96uXXXXwcbR1jmbmd4fK5SckFBYjZkCvucBHyYkpDtU3PD2EGSmSA%2BbnUEFictfiIHpQUE8suSTEAIW%2FiTy7l30hUdl80aFffOLP9%2BroMydiJ2qQqY9USQ2Lsz2Nz%2BcqhpRqd4jhuyICgN60PfTS%2BKv3fGhT5oksGOR2juO7CW%2B%2BZiQnkqJy3mThXip04Zl4hY2ydOevXqtdTm7jN0HkcudPE%3D&Expires=1749494348', datetime.datetime(2025, 6, 9, 13, 39, 8, 573100)], [54, 77, UUID('078a38e9-c1b8-421e-b797-59ee3ae69df4'), 'probra_result_1f12a6f899554f33ab1149d80ec128bb.md', '77/probra_result_1f12a6f899554f33ab1149d80ec128bb.md', 'https://toxindex-environments-2.s3.amazonaws.com/77/probra_result_1f12a6f899554f33ab1149d80ec128bb.md?AWSAccessKeyId=ASIAQ72ED6HZEJGH3WVP&Signature=01JS4PQUWuiMCGKnQA6LOmVdh4M%3D&x-amz-security-token=IQoJb3JpZ2luX2VjENL%2F%2F%2F%2F%2F%2F%2F%2F%2F%2FwEaCXVzLWVhc3QtMSJIMEYCIQDOwWZ92rHuRduG0HlIr0ZJh5Z3246uxnkjP6Z3AOm3awIhAI2%2F%2FJZM5%2BR5bhrXR6iig0rd3blySQA3yrlUu1Ajx7lWKv4CCKv%2F%2F%2F%2F%2F%2F%2F%2F%2F%2FwEQABoMMDY4MzI1NDcwNzA2Igz73xQshCLCKsTI%2BJkq0gKuTd%2FD5VQL7pxhkvqiIelUvbuFjD91f7BqiqMhQQC89kjCNcd21Vup2gksuaOnhc7yEG%2B0Pt3Yg1z7y5HotHruO3erLdPO7DfQy%2FwECR%2F8RAqMpxLAl9PN2Om%2BJg2NQsjXWx%2BeoDHTqEMaVYNbX3466Ksu84TnSUcfpGAXbRP6MmxQR0rMnBT3%2FkyK3UJ9jZ2BOw9QPgRfLEC%2BU4g5y3e6Intt2HhFCagSH2gZ%2FeOkPZr82MNRPbQRARs2e063q17dPXYUQRD%2FsQAFpok%2BBqPoxnVxFdZanQzsP3Gi%2FhY6DnjyotEluVOE0n%2B%2BXiyNhxLV1G3BbURIHPZY5r1c3pGtl02VRS0n%2BAGMTtNt31Lj2mw9l456irbaGdchMTaUy06t6Vtm9fG3XV9JZO8R%2FfB98LK2hQM9CmnWR3sTUYs7iHAQNdnOlVKnghjd4gxH0Yp9yDC8uJzCBjqmAYdQ3F96uXXXXwcbR1jmbmd4fK5SckFBYjZkCvucBHyYkpDtU3PD2EGSmSA%2BbnUEFictfiIHpQUE8suSTEAIW%2FiTy7l30hUdl80aFffOLP9%2BroMydiJ2qQqY9USQ2Lsz2Nz%2BcqhpRqd4jhuyICgN60PfTS%2BKv3fGhT5oksGOR2juO7CW%2B%2BZiQnkqJy3mThXip04Zl4hY2ydOevXqtdTm7jN0HkcudPE%3D&Expires=1749494348', datetime.datetime(2025, 6, 9, 13, 39, 8, 573571)]]
2025-06-09 14:05:23,369 - root - INFO - file.py:94 - Found 2 files in DB for task_id=77
2025-06-09 14:05:23,369 - root - WARNING - file.py:130 - Could not read file 77/probra_result_1f12a6f899554f33ab1149d80ec128bb.md: [Errno 2] No such file or directory: '77/probra_result_1f12a6f899554f33ab1149d80ec128bb.md'
2025-06-09 14:05:23,369 - root - WARNING - file.py:130 - Could not read file 77/probra_result_1f12a6f899554f33ab1149d80ec128bb.md: [Errno 2] No such file or directory: '77/probra_result_1f12a6f899554f33ab1149d80ec128bb.md'
2025-06-09 14:05:23,370 - MARKDOWN - DEBUG - core.py:182 - Successfully loaded extension "markdown.extensions.fenced_code.FencedCodeExtension".
2025-06-09 14:05:23,370 - MARKDOWN - DEBUG - core.py:182 - Successfully loaded extension "markdown.extensions.footnotes.FootnoteExtension".
2025-06-09 14:05:23,370 - MARKDOWN - DEBUG - core.py:182 - Successfully loaded extension "markdown.extensions.attr_list.AttrListExtension".
2025-06-09 14:05:23,370 - MARKDOWN - DEBUG - core.py:182 - Successfully loaded extension "markdown.extensions.def_list.DefListExtension".
2025-06-09 14:05:23,370 - MARKDOWN - DEBUG - core.py:182 - Successfully loaded extension "markdown.extensions.tables.TableExtension".
2025-06-09 14:05:23,370 - MARKDOWN - DEBUG - core.py:182 - Successfully loaded extension "markdown.extensions.abbr.AbbrExtension".
2025-06-09 14:05:23,370 - MARKDOWN - DEBUG - core.py:182 - Successfully loaded extension "markdown.extensions.md_in_html.MarkdownInHtmlExtension".
2025-06-09 14:05:23,370 - MARKDOWN - DEBUG - core.py:182 - Successfully loaded extension "markdown.extensions.extra.ExtraExtension".
2025-06-09 14:05:23,371 - MARKDOWN - DEBUG - core.py:182 - Successfully loaded extension "markdown.extensions.tables.TableExtension".
2025-06-09 14:05:23,433 - engineio.server - INFO - socket.py:78 - 1QxGwW0GJeFmbuJ4AAAK: Sending packet OPEN data {'sid': '1QxGwW0GJeFmbuJ4AAAK', 'upgrades': [], 'pingTimeout': 20000, 'pingInterval': 25000, 'maxPayload': 1000000}
2025-06-09 14:05:23,433 - engineio.server - INFO - socket.py:90 - 1QxGwW0GJeFmbuJ4AAAK: Received request to upgrade to websocket
2025-06-09 14:05:23,433 - engineio.server - INFO - socket.py:219 - 1QxGwW0GJeFmbuJ4AAAK: Upgrade to websocket successful
2025-06-09 14:05:23,460 - engineio.server - INFO - socket.py:39 - 1QxGwW0GJeFmbuJ4AAAK: Received packet MESSAGE data 0
2025-06-09 14:05:23,460 - root - INFO - app.py:146 - [socketio] Client connected: BfwRK4b4WvbW0drtAAAL
2025-06-09 14:05:23,460 - socketio.server - INFO - server.py:164 - emitting event "connected" to BfwRK4b4WvbW0drtAAAL [/]
2025-06-09 14:05:23,460 - engineio.server - INFO - socket.py:78 - 1QxGwW0GJeFmbuJ4AAAK: Sending packet MESSAGE data 2["connected",{"sid":"BfwRK4b4WvbW0drtAAAL"}]
2025-06-09 14:05:23,461 - engineio.server - INFO - socket.py:78 - 1QxGwW0GJeFmbuJ4AAAK: Sending packet MESSAGE data 0{"sid":"BfwRK4b4WvbW0drtAAAL"}
2025-06-09 14:05:23,502 - engineio.server - INFO - socket.py:39 - 1QxGwW0GJeFmbuJ4AAAK: Received packet MESSAGE data 2["join_task_room",{"task_id":"77"}]
2025-06-09 14:05:23,503 - socketio.server - INFO - server.py:576 - received event "join_task_room" from BfwRK4b4WvbW0drtAAAL [/]
2025-06-09 14:05:23,504 - root - INFO - app.py:155 - [socketio] BfwRK4b4WvbW0drtAAAL joining room: task_77
2025-06-09 14:05:23,504 - socketio.server - INFO - server.py:284 - BfwRK4b4WvbW0drtAAAL is entering room task_77 [/]
2025-06-09 14:05:23,504 - root - INFO - app.py:157 - [socketio] BfwRK4b4WvbW0drtAAAL joined room: task_77
2025-06-09 14:05:23,505 - socketio.server - INFO - server.py:164 - emitting event "joined_task_room" to BfwRK4b4WvbW0drtAAAL [/]
2025-06-09 14:05:23,505 - engineio.server - INFO - socket.py:78 - 1QxGwW0GJeFmbuJ4AAAK: Sending packet MESSAGE data 2["joined_task_room",{"task_id":"77"}]
2025-06-09 14:05:28,631 - root - INFO - message.py:67 - Retrieved 3 messages for task_id=77
2025-06-09 14:05:28,631 - root - INFO - file.py:84 - DB ENV (get_files): PGHOST=localhost, PGPORT=5433, PGDATABASE=toxindex, PGUSER=postgres, PGPASSWORD=devpassword
2025-06-09 14:05:28,632 - root - INFO - file.py:85 - Calling get_files with task_id=77 (type: <class 'int'>)
2025-06-09 14:05:28,636 - root - INFO - file.py:90 - Raw rows returned from DB for task_id=77: [[53, 77, UUID('078a38e9-c1b8-421e-b797-59ee3ae69df4'), 'probra_result_1f12a6f899554f33ab1149d80ec128bb.md', '77/probra_result_1f12a6f899554f33ab1149d80ec128bb.md', 'https://toxindex-environments-2.s3.amazonaws.com/77/probra_result_1f12a6f899554f33ab1149d80ec128bb.md?AWSAccessKeyId=ASIAQ72ED6HZEJGH3WVP&Signature=01JS4PQUWuiMCGKnQA6LOmVdh4M%3D&x-amz-security-token=IQoJb3JpZ2luX2VjENL%2F%2F%2F%2F%2F%2F%2F%2F%2F%2FwEaCXVzLWVhc3QtMSJIMEYCIQDOwWZ92rHuRduG0HlIr0ZJh5Z3246uxnkjP6Z3AOm3awIhAI2%2F%2FJZM5%2BR5bhrXR6iig0rd3blySQA3yrlUu1Ajx7lWKv4CCKv%2F%2F%2F%2F%2F%2F%2F%2F%2F%2FwEQABoMMDY4MzI1NDcwNzA2Igz73xQshCLCKsTI%2BJkq0gKuTd%2FD5VQL7pxhkvqiIelUvbuFjD91f7BqiqMhQQC89kjCNcd21Vup2gksuaOnhc7yEG%2B0Pt3Yg1z7y5HotHruO3erLdPO7DfQy%2FwECR%2F8RAqMpxLAl9PN2Om%2BJg2NQsjXWx%2BeoDHTqEMaVYNbX3466Ksu84TnSUcfpGAXbRP6MmxQR0rMnBT3%2FkyK3UJ9jZ2BOw9QPgRfLEC%2BU4g5y3e6Intt2HhFCagSH2gZ%2FeOkPZr82MNRPbQRARs2e063q17dPXYUQRD%2FsQAFpok%2BBqPoxnVxFdZanQzsP3Gi%2FhY6DnjyotEluVOE0n%2B%2BXiyNhxLV1G3BbURIHPZY5r1c3pGtl02VRS0n%2BAGMTtNt31Lj2mw9l456irbaGdchMTaUy06t6Vtm9fG3XV9JZO8R%2FfB98LK2hQM9CmnWR3sTUYs7iHAQNdnOlVKnghjd4gxH0Yp9yDC8uJzCBjqmAYdQ3F96uXXXXwcbR1jmbmd4fK5SckFBYjZkCvucBHyYkpDtU3PD2EGSmSA%2BbnUEFictfiIHpQUE8suSTEAIW%2FiTy7l30hUdl80aFffOLP9%2BroMydiJ2qQqY9USQ2Lsz2Nz%2BcqhpRqd4jhuyICgN60PfTS%2BKv3fGhT5oksGOR2juO7CW%2B%2BZiQnkqJy3mThXip04Zl4hY2ydOevXqtdTm7jN0HkcudPE%3D&Expires=1749494348', datetime.datetime(2025, 6, 9, 13, 39, 8, 573100)], [54, 77, UUID('078a38e9-c1b8-421e-b797-59ee3ae69df4'), 'probra_result_1f12a6f899554f33ab1149d80ec128bb.md', '77/probra_result_1f12a6f899554f33ab1149d80ec128bb.md', 'https://toxindex-environments-2.s3.amazonaws.com/77/probra_result_1f12a6f899554f33ab1149d80ec128bb.md?AWSAccessKeyId=ASIAQ72ED6HZEJGH3WVP&Signature=01JS4PQUWuiMCGKnQA6LOmVdh4M%3D&x-amz-security-token=IQoJb3JpZ2luX2VjENL%2F%2F%2F%2F%2F%2F%2F%2F%2F%2FwEaCXVzLWVhc3QtMSJIMEYCIQDOwWZ92rHuRduG0HlIr0ZJh5Z3246uxnkjP6Z3AOm3awIhAI2%2F%2FJZM5%2BR5bhrXR6iig0rd3blySQA3yrlUu1Ajx7lWKv4CCKv%2F%2F%2F%2F%2F%2F%2F%2F%2F%2FwEQABoMMDY4MzI1NDcwNzA2Igz73xQshCLCKsTI%2BJkq0gKuTd%2FD5VQL7pxhkvqiIelUvbuFjD91f7BqiqMhQQC89kjCNcd21Vup2gksuaOnhc7yEG%2B0Pt3Yg1z7y5HotHruO3erLdPO7DfQy%2FwECR%2F8RAqMpxLAl9PN2Om%2BJg2NQsjXWx%2BeoDHTqEMaVYNbX3466Ksu84TnSUcfpGAXbRP6MmxQR0rMnBT3%2FkyK3UJ9jZ2BOw9QPgRfLEC%2BU4g5y3e6Intt2HhFCagSH2gZ%2FeOkPZr82MNRPbQRARs2e063q17dPXYUQRD%2FsQAFpok%2BBqPoxnVxFdZanQzsP3Gi%2FhY6DnjyotEluVOE0n%2B%2BXiyNhxLV1G3BbURIHPZY5r1c3pGtl02VRS0n%2BAGMTtNt31Lj2mw9l456irbaGdchMTaUy06t6Vtm9fG3XV9JZO8R%2FfB98LK2hQM9CmnWR3sTUYs7iHAQNdnOlVKnghjd4gxH0Yp9yDC8uJzCBjqmAYdQ3F96uXXXXwcbR1jmbmd4fK5SckFBYjZkCvucBHyYkpDtU3PD2EGSmSA%2BbnUEFictfiIHpQUE8suSTEAIW%2FiTy7l30hUdl80aFffOLP9%2BroMydiJ2qQqY9USQ2Lsz2Nz%2BcqhpRqd4jhuyICgN60PfTS%2BKv3fGhT5oksGOR2juO7CW%2B%2BZiQnkqJy3mThXip04Zl4hY2ydOevXqtdTm7jN0HkcudPE%3D&Expires=1749494348', datetime.datetime(2025, 6, 9, 13, 39, 8, 573571)]]
2025-06-09 14:05:28,636 - root - INFO - file.py:94 - Found 2 files in DB for task_id=77
2025-06-09 14:05:28,636 - root - WARNING - file.py:130 - Could not read file 77/probra_result_1f12a6f899554f33ab1149d80ec128bb.md: [Errno 2] No such file or directory: '77/probra_result_1f12a6f899554f33ab1149d80ec128bb.md'
2025-06-09 14:05:28,636 - root - WARNING - file.py:130 - Could not read file 77/probra_result_1f12a6f899554f33ab1149d80ec128bb.md: [Errno 2] No such file or directory: '77/probra_result_1f12a6f899554f33ab1149d80ec128bb.md'
2025-06-09 14:05:28,637 - MARKDOWN - DEBUG - core.py:182 - Successfully loaded extension "markdown.extensions.fenced_code.FencedCodeExtension".
2025-06-09 14:05:28,637 - MARKDOWN - DEBUG - core.py:182 - Successfully loaded extension "markdown.extensions.footnotes.FootnoteExtension".
2025-06-09 14:05:28,638 - MARKDOWN - DEBUG - core.py:182 - Successfully loaded extension "markdown.extensions.attr_list.AttrListExtension".
2025-06-09 14:05:28,638 - MARKDOWN - DEBUG - core.py:182 - Successfully loaded extension "markdown.extensions.def_list.DefListExtension".
2025-06-09 14:05:28,638 - MARKDOWN - DEBUG - core.py:182 - Successfully loaded extension "markdown.extensions.tables.TableExtension".
2025-06-09 14:05:28,638 - MARKDOWN - DEBUG - core.py:182 - Successfully loaded extension "markdown.extensions.abbr.AbbrExtension".
2025-06-09 14:05:28,638 - MARKDOWN - DEBUG - core.py:182 - Successfully loaded extension "markdown.extensions.md_in_html.MarkdownInHtmlExtension".
2025-06-09 14:05:28,638 - MARKDOWN - DEBUG - core.py:182 - Successfully loaded extension "markdown.extensions.extra.ExtraExtension".
2025-06-09 14:05:28,638 - MARKDOWN - DEBUG - core.py:182 - Successfully loaded extension "markdown.extensions.tables.TableExtension".
2025-06-09 14:05:28,690 - engineio.server - INFO - socket.py:78 - pme10VFApM_sJ5vjAAAM: Sending packet OPEN data {'sid': 'pme10VFApM_sJ5vjAAAM', 'upgrades': [], 'pingTimeout': 20000, 'pingInterval': 25000, 'maxPayload': 1000000}
2025-06-09 14:05:28,690 - engineio.server - INFO - socket.py:90 - pme10VFApM_sJ5vjAAAM: Received request to upgrade to websocket
2025-06-09 14:05:28,691 - engineio.server - INFO - socket.py:219 - pme10VFApM_sJ5vjAAAM: Upgrade to websocket successful
2025-06-09 14:05:28,718 - engineio.server - INFO - socket.py:39 - pme10VFApM_sJ5vjAAAM: Received packet MESSAGE data 0
2025-06-09 14:05:28,719 - root - INFO - app.py:146 - [socketio] Client connected: RqkbTZwpg1tJ1ekTAAAN
2025-06-09 14:05:28,719 - socketio.server - INFO - server.py:164 - emitting event "connected" to RqkbTZwpg1tJ1ekTAAAN [/]
2025-06-09 14:05:28,719 - engineio.server - INFO - socket.py:78 - pme10VFApM_sJ5vjAAAM: Sending packet MESSAGE data 2["connected",{"sid":"RqkbTZwpg1tJ1ekTAAAN"}]
2025-06-09 14:05:28,719 - engineio.server - INFO - socket.py:78 - pme10VFApM_sJ5vjAAAM: Sending packet MESSAGE data 0{"sid":"RqkbTZwpg1tJ1ekTAAAN"}
2025-06-09 14:05:28,761 - engineio.server - INFO - socket.py:39 - pme10VFApM_sJ5vjAAAM: Received packet MESSAGE data 2["join_task_room",{"task_id":"77"}]
2025-06-09 14:05:28,762 - socketio.server - INFO - server.py:576 - received event "join_task_room" from RqkbTZwpg1tJ1ekTAAAN [/]
2025-06-09 14:05:28,763 - root - INFO - app.py:155 - [socketio] RqkbTZwpg1tJ1ekTAAAN joining room: task_77
2025-06-09 14:05:28,763 - socketio.server - INFO - server.py:284 - RqkbTZwpg1tJ1ekTAAAN is entering room task_77 [/]
2025-06-09 14:05:28,764 - root - INFO - app.py:157 - [socketio] RqkbTZwpg1tJ1ekTAAAN joined room: task_77
2025-06-09 14:05:28,764 - socketio.server - INFO - server.py:164 - emitting event "joined_task_room" to RqkbTZwpg1tJ1ekTAAAN [/]
2025-06-09 14:05:28,764 - engineio.server - INFO - socket.py:78 - pme10VFApM_sJ5vjAAAM: Sending packet MESSAGE data 2["joined_task_room",{"task_id":"77"}]
2025-06-09 14:05:29,775 - root - INFO - message.py:67 - Retrieved 3 messages for task_id=77
2025-06-09 14:05:29,775 - root - INFO - file.py:84 - DB ENV (get_files): PGHOST=localhost, PGPORT=5433, PGDATABASE=toxindex, PGUSER=postgres, PGPASSWORD=devpassword
2025-06-09 14:05:29,776 - root - INFO - file.py:85 - Calling get_files with task_id=77 (type: <class 'int'>)
2025-06-09 14:05:29,782 - root - INFO - file.py:90 - Raw rows returned from DB for task_id=77: [[53, 77, UUID('078a38e9-c1b8-421e-b797-59ee3ae69df4'), 'probra_result_1f12a6f899554f33ab1149d80ec128bb.md', '77/probra_result_1f12a6f899554f33ab1149d80ec128bb.md', 'https://toxindex-environments-2.s3.amazonaws.com/77/probra_result_1f12a6f899554f33ab1149d80ec128bb.md?AWSAccessKeyId=ASIAQ72ED6HZEJGH3WVP&Signature=01JS4PQUWuiMCGKnQA6LOmVdh4M%3D&x-amz-security-token=IQoJb3JpZ2luX2VjENL%2F%2F%2F%2F%2F%2F%2F%2F%2F%2FwEaCXVzLWVhc3QtMSJIMEYCIQDOwWZ92rHuRduG0HlIr0ZJh5Z3246uxnkjP6Z3AOm3awIhAI2%2F%2FJZM5%2BR5bhrXR6iig0rd3blySQA3yrlUu1Ajx7lWKv4CCKv%2F%2F%2F%2F%2F%2F%2F%2F%2F%2FwEQABoMMDY4MzI1NDcwNzA2Igz73xQshCLCKsTI%2BJkq0gKuTd%2FD5VQL7pxhkvqiIelUvbuFjD91f7BqiqMhQQC89kjCNcd21Vup2gksuaOnhc7yEG%2B0Pt3Yg1z7y5HotHruO3erLdPO7DfQy%2FwECR%2F8RAqMpxLAl9PN2Om%2BJg2NQsjXWx%2BeoDHTqEMaVYNbX3466Ksu84TnSUcfpGAXbRP6MmxQR0rMnBT3%2FkyK3UJ9jZ2BOw9QPgRfLEC%2BU4g5y3e6Intt2HhFCagSH2gZ%2FeOkPZr82MNRPbQRARs2e063q17dPXYUQRD%2FsQAFpok%2BBqPoxnVxFdZanQzsP3Gi%2FhY6DnjyotEluVOE0n%2B%2BXiyNhxLV1G3BbURIHPZY5r1c3pGtl02VRS0n%2BAGMTtNt31Lj2mw9l456irbaGdchMTaUy06t6Vtm9fG3XV9JZO8R%2FfB98LK2hQM9CmnWR3sTUYs7iHAQNdnOlVKnghjd4gxH0Yp9yDC8uJzCBjqmAYdQ3F96uXXXXwcbR1jmbmd4fK5SckFBYjZkCvucBHyYkpDtU3PD2EGSmSA%2BbnUEFictfiIHpQUE8suSTEAIW%2FiTy7l30hUdl80aFffOLP9%2BroMydiJ2qQqY9USQ2Lsz2Nz%2BcqhpRqd4jhuyICgN60PfTS%2BKv3fGhT5oksGOR2juO7CW%2B%2BZiQnkqJy3mThXip04Zl4hY2ydOevXqtdTm7jN0HkcudPE%3D&Expires=1749494348', datetime.datetime(2025, 6, 9, 13, 39, 8, 573100)], [54, 77, UUID('078a38e9-c1b8-421e-b797-59ee3ae69df4'), 'probra_result_1f12a6f899554f33ab1149d80ec128bb.md', '77/probra_result_1f12a6f899554f33ab1149d80ec128bb.md', 'https://toxindex-environments-2.s3.amazonaws.com/77/probra_result_1f12a6f899554f33ab1149d80ec128bb.md?AWSAccessKeyId=ASIAQ72ED6HZEJGH3WVP&Signature=01JS4PQUWuiMCGKnQA6LOmVdh4M%3D&x-amz-security-token=IQoJb3JpZ2luX2VjENL%2F%2F%2F%2F%2F%2F%2F%2F%2F%2FwEaCXVzLWVhc3QtMSJIMEYCIQDOwWZ92rHuRduG0HlIr0ZJh5Z3246uxnkjP6Z3AOm3awIhAI2%2F%2FJZM5%2BR5bhrXR6iig0rd3blySQA3yrlUu1Ajx7lWKv4CCKv%2F%2F%2F%2F%2F%2F%2F%2F%2F%2FwEQABoMMDY4MzI1NDcwNzA2Igz73xQshCLCKsTI%2BJkq0gKuTd%2FD5VQL7pxhkvqiIelUvbuFjD91f7BqiqMhQQC89kjCNcd21Vup2gksuaOnhc7yEG%2B0Pt3Yg1z7y5HotHruO3erLdPO7DfQy%2FwECR%2F8RAqMpxLAl9PN2Om%2BJg2NQsjXWx%2BeoDHTqEMaVYNbX3466Ksu84TnSUcfpGAXbRP6MmxQR0rMnBT3%2FkyK3UJ9jZ2BOw9QPgRfLEC%2BU4g5y3e6Intt2HhFCagSH2gZ%2FeOkPZr82MNRPbQRARs2e063q17dPXYUQRD%2FsQAFpok%2BBqPoxnVxFdZanQzsP3Gi%2FhY6DnjyotEluVOE0n%2B%2BXiyNhxLV1G3BbURIHPZY5r1c3pGtl02VRS0n%2BAGMTtNt31Lj2mw9l456irbaGdchMTaUy06t6Vtm9fG3XV9JZO8R%2FfB98LK2hQM9CmnWR3sTUYs7iHAQNdnOlVKnghjd4gxH0Yp9yDC8uJzCBjqmAYdQ3F96uXXXXwcbR1jmbmd4fK5SckFBYjZkCvucBHyYkpDtU3PD2EGSmSA%2BbnUEFictfiIHpQUE8suSTEAIW%2FiTy7l30hUdl80aFffOLP9%2BroMydiJ2qQqY9USQ2Lsz2Nz%2BcqhpRqd4jhuyICgN60PfTS%2BKv3fGhT5oksGOR2juO7CW%2B%2BZiQnkqJy3mThXip04Zl4hY2ydOevXqtdTm7jN0HkcudPE%3D&Expires=1749494348', datetime.datetime(2025, 6, 9, 13, 39, 8, 573571)]]
2025-06-09 14:05:29,782 - root - INFO - file.py:94 - Found 2 files in DB for task_id=77
2025-06-09 14:05:29,782 - root - WARNING - file.py:130 - Could not read file 77/probra_result_1f12a6f899554f33ab1149d80ec128bb.md: [Errno 2] No such file or directory: '77/probra_result_1f12a6f899554f33ab1149d80ec128bb.md'
2025-06-09 14:05:29,782 - root - WARNING - file.py:130 - Could not read file 77/probra_result_1f12a6f899554f33ab1149d80ec128bb.md: [Errno 2] No such file or directory: '77/probra_result_1f12a6f899554f33ab1149d80ec128bb.md'
2025-06-09 14:05:29,783 - MARKDOWN - DEBUG - core.py:182 - Successfully loaded extension "markdown.extensions.fenced_code.FencedCodeExtension".
2025-06-09 14:05:29,783 - MARKDOWN - DEBUG - core.py:182 - Successfully loaded extension "markdown.extensions.footnotes.FootnoteExtension".
2025-06-09 14:05:29,783 - MARKDOWN - DEBUG - core.py:182 - Successfully loaded extension "markdown.extensions.attr_list.AttrListExtension".
2025-06-09 14:05:29,783 - MARKDOWN - DEBUG - core.py:182 - Successfully loaded extension "markdown.extensions.def_list.DefListExtension".
2025-06-09 14:05:29,783 - MARKDOWN - DEBUG - core.py:182 - Successfully loaded extension "markdown.extensions.tables.TableExtension".
2025-06-09 14:05:29,783 - MARKDOWN - DEBUG - core.py:182 - Successfully loaded extension "markdown.extensions.abbr.AbbrExtension".
2025-06-09 14:05:29,784 - MARKDOWN - DEBUG - core.py:182 - Successfully loaded extension "markdown.extensions.md_in_html.MarkdownInHtmlExtension".
2025-06-09 14:05:29,784 - MARKDOWN - DEBUG - core.py:182 - Successfully loaded extension "markdown.extensions.extra.ExtraExtension".
2025-06-09 14:05:29,784 - MARKDOWN - DEBUG - core.py:182 - Successfully loaded extension "markdown.extensions.tables.TableExtension".
2025-06-09 14:05:29,822 - engineio.server - INFO - socket.py:78 - Q0tmlL6p9USATmVzAAAO: Sending packet OPEN data {'sid': 'Q0tmlL6p9USATmVzAAAO', 'upgrades': [], 'pingTimeout': 20000, 'pingInterval': 25000, 'maxPayload': 1000000}
2025-06-09 14:05:29,822 - engineio.server - INFO - socket.py:90 - Q0tmlL6p9USATmVzAAAO: Received request to upgrade to websocket
2025-06-09 14:05:29,822 - engineio.server - INFO - socket.py:219 - Q0tmlL6p9USATmVzAAAO: Upgrade to websocket successful
2025-06-09 14:05:29,840 - engineio.server - INFO - socket.py:39 - Q0tmlL6p9USATmVzAAAO: Received packet MESSAGE data 0
2025-06-09 14:05:29,841 - root - INFO - app.py:146 - [socketio] Client connected: osRm85Pn6VyCupemAAAP
2025-06-09 14:05:29,841 - socketio.server - INFO - server.py:164 - emitting event "connected" to osRm85Pn6VyCupemAAAP [/]
2025-06-09 14:05:29,841 - engineio.server - INFO - socket.py:78 - Q0tmlL6p9USATmVzAAAO: Sending packet MESSAGE data 2["connected",{"sid":"osRm85Pn6VyCupemAAAP"}]
2025-06-09 14:05:29,841 - engineio.server - INFO - socket.py:78 - Q0tmlL6p9USATmVzAAAO: Sending packet MESSAGE data 0{"sid":"osRm85Pn6VyCupemAAAP"}
2025-06-09 14:05:29,884 - engineio.server - INFO - socket.py:39 - Q0tmlL6p9USATmVzAAAO: Received packet MESSAGE data 2["join_task_room",{"task_id":"77"}]
2025-06-09 14:05:29,884 - socketio.server - INFO - server.py:576 - received event "join_task_room" from osRm85Pn6VyCupemAAAP [/]
2025-06-09 14:05:29,885 - root - INFO - app.py:155 - [socketio] osRm85Pn6VyCupemAAAP joining room: task_77
2025-06-09 14:05:29,885 - socketio.server - INFO - server.py:284 - osRm85Pn6VyCupemAAAP is entering room task_77 [/]
2025-06-09 14:05:29,885 - root - INFO - app.py:157 - [socketio] osRm85Pn6VyCupemAAAP joined room: task_77
2025-06-09 14:05:29,886 - socketio.server - INFO - server.py:164 - emitting event "joined_task_room" to osRm85Pn6VyCupemAAAP [/]
2025-06-09 14:05:29,886 - engineio.server - INFO - socket.py:78 - Q0tmlL6p9USATmVzAAAO: Sending packet MESSAGE data 2["joined_task_room",{"task_id":"77"}]
2025-06-09 14:05:54,827 - engineio.server - INFO - socket.py:78 - Q0tmlL6p9USATmVzAAAO: Sending packet PING data None
2025-06-09 14:05:54,829 - engineio.server - INFO - socket.py:39 - Q0tmlL6p9USATmVzAAAO: Received packet PONG data 
2025-06-09 14:06:04,676 - root - INFO - message.py:67 - Retrieved 3 messages for task_id=77
2025-06-09 14:06:04,676 - root - INFO - file.py:84 - DB ENV (get_files): PGHOST=localhost, PGPORT=5433, PGDATABASE=toxindex, PGUSER=postgres, PGPASSWORD=devpassword
2025-06-09 14:06:04,676 - root - INFO - file.py:85 - Calling get_files with task_id=77 (type: <class 'int'>)
2025-06-09 14:06:04,680 - root - INFO - file.py:90 - Raw rows returned from DB for task_id=77: [[53, 77, UUID('078a38e9-c1b8-421e-b797-59ee3ae69df4'), 'probra_result_1f12a6f899554f33ab1149d80ec128bb.md', '77/probra_result_1f12a6f899554f33ab1149d80ec128bb.md', 'https://toxindex-environments-2.s3.amazonaws.com/77/probra_result_1f12a6f899554f33ab1149d80ec128bb.md?AWSAccessKeyId=ASIAQ72ED6HZEJGH3WVP&Signature=01JS4PQUWuiMCGKnQA6LOmVdh4M%3D&x-amz-security-token=IQoJb3JpZ2luX2VjENL%2F%2F%2F%2F%2F%2F%2F%2F%2F%2FwEaCXVzLWVhc3QtMSJIMEYCIQDOwWZ92rHuRduG0HlIr0ZJh5Z3246uxnkjP6Z3AOm3awIhAI2%2F%2FJZM5%2BR5bhrXR6iig0rd3blySQA3yrlUu1Ajx7lWKv4CCKv%2F%2F%2F%2F%2F%2F%2F%2F%2F%2FwEQABoMMDY4MzI1NDcwNzA2Igz73xQshCLCKsTI%2BJkq0gKuTd%2FD5VQL7pxhkvqiIelUvbuFjD91f7BqiqMhQQC89kjCNcd21Vup2gksuaOnhc7yEG%2B0Pt3Yg1z7y5HotHruO3erLdPO7DfQy%2FwECR%2F8RAqMpxLAl9PN2Om%2BJg2NQsjXWx%2BeoDHTqEMaVYNbX3466Ksu84TnSUcfpGAXbRP6MmxQR0rMnBT3%2FkyK3UJ9jZ2BOw9QPgRfLEC%2BU4g5y3e6Intt2HhFCagSH2gZ%2FeOkPZr82MNRPbQRARs2e063q17dPXYUQRD%2FsQAFpok%2BBqPoxnVxFdZanQzsP3Gi%2FhY6DnjyotEluVOE0n%2B%2BXiyNhxLV1G3BbURIHPZY5r1c3pGtl02VRS0n%2BAGMTtNt31Lj2mw9l456irbaGdchMTaUy06t6Vtm9fG3XV9JZO8R%2FfB98LK2hQM9CmnWR3sTUYs7iHAQNdnOlVKnghjd4gxH0Yp9yDC8uJzCBjqmAYdQ3F96uXXXXwcbR1jmbmd4fK5SckFBYjZkCvucBHyYkpDtU3PD2EGSmSA%2BbnUEFictfiIHpQUE8suSTEAIW%2FiTy7l30hUdl80aFffOLP9%2BroMydiJ2qQqY9USQ2Lsz2Nz%2BcqhpRqd4jhuyICgN60PfTS%2BKv3fGhT5oksGOR2juO7CW%2B%2BZiQnkqJy3mThXip04Zl4hY2ydOevXqtdTm7jN0HkcudPE%3D&Expires=1749494348', datetime.datetime(2025, 6, 9, 13, 39, 8, 573100)], [54, 77, UUID('078a38e9-c1b8-421e-b797-59ee3ae69df4'), 'probra_result_1f12a6f899554f33ab1149d80ec128bb.md', '77/probra_result_1f12a6f899554f33ab1149d80ec128bb.md', 'https://toxindex-environments-2.s3.amazonaws.com/77/probra_result_1f12a6f899554f33ab1149d80ec128bb.md?AWSAccessKeyId=ASIAQ72ED6HZEJGH3WVP&Signature=01JS4PQUWuiMCGKnQA6LOmVdh4M%3D&x-amz-security-token=IQoJb3JpZ2luX2VjENL%2F%2F%2F%2F%2F%2F%2F%2F%2F%2FwEaCXVzLWVhc3QtMSJIMEYCIQDOwWZ92rHuRduG0HlIr0ZJh5Z3246uxnkjP6Z3AOm3awIhAI2%2F%2FJZM5%2BR5bhrXR6iig0rd3blySQA3yrlUu1Ajx7lWKv4CCKv%2F%2F%2F%2F%2F%2F%2F%2F%2F%2FwEQABoMMDY4MzI1NDcwNzA2Igz73xQshCLCKsTI%2BJkq0gKuTd%2FD5VQL7pxhkvqiIelUvbuFjD91f7BqiqMhQQC89kjCNcd21Vup2gksuaOnhc7yEG%2B0Pt3Yg1z7y5HotHruO3erLdPO7DfQy%2FwECR%2F8RAqMpxLAl9PN2Om%2BJg2NQsjXWx%2BeoDHTqEMaVYNbX3466Ksu84TnSUcfpGAXbRP6MmxQR0rMnBT3%2FkyK3UJ9jZ2BOw9QPgRfLEC%2BU4g5y3e6Intt2HhFCagSH2gZ%2FeOkPZr82MNRPbQRARs2e063q17dPXYUQRD%2FsQAFpok%2BBqPoxnVxFdZanQzsP3Gi%2FhY6DnjyotEluVOE0n%2B%2BXiyNhxLV1G3BbURIHPZY5r1c3pGtl02VRS0n%2BAGMTtNt31Lj2mw9l456irbaGdchMTaUy06t6Vtm9fG3XV9JZO8R%2FfB98LK2hQM9CmnWR3sTUYs7iHAQNdnOlVKnghjd4gxH0Yp9yDC8uJzCBjqmAYdQ3F96uXXXXwcbR1jmbmd4fK5SckFBYjZkCvucBHyYkpDtU3PD2EGSmSA%2BbnUEFictfiIHpQUE8suSTEAIW%2FiTy7l30hUdl80aFffOLP9%2BroMydiJ2qQqY9USQ2Lsz2Nz%2BcqhpRqd4jhuyICgN60PfTS%2BKv3fGhT5oksGOR2juO7CW%2B%2BZiQnkqJy3mThXip04Zl4hY2ydOevXqtdTm7jN0HkcudPE%3D&Expires=1749494348', datetime.datetime(2025, 6, 9, 13, 39, 8, 573571)]]
2025-06-09 14:06:04,680 - root - INFO - file.py:94 - Found 2 files in DB for task_id=77
2025-06-09 14:06:04,680 - root - WARNING - file.py:130 - Could not read file 77/probra_result_1f12a6f899554f33ab1149d80ec128bb.md: [Errno 2] No such file or directory: '77/probra_result_1f12a6f899554f33ab1149d80ec128bb.md'
2025-06-09 14:06:04,680 - root - WARNING - file.py:130 - Could not read file 77/probra_result_1f12a6f899554f33ab1149d80ec128bb.md: [Errno 2] No such file or directory: '77/probra_result_1f12a6f899554f33ab1149d80ec128bb.md'
2025-06-09 14:06:04,680 - MARKDOWN - DEBUG - core.py:182 - Successfully loaded extension "markdown.extensions.fenced_code.FencedCodeExtension".
2025-06-09 14:06:04,680 - MARKDOWN - DEBUG - core.py:182 - Successfully loaded extension "markdown.extensions.footnotes.FootnoteExtension".
2025-06-09 14:06:04,681 - MARKDOWN - DEBUG - core.py:182 - Successfully loaded extension "markdown.extensions.attr_list.AttrListExtension".
2025-06-09 14:06:04,681 - MARKDOWN - DEBUG - core.py:182 - Successfully loaded extension "markdown.extensions.def_list.DefListExtension".
2025-06-09 14:06:04,681 - MARKDOWN - DEBUG - core.py:182 - Successfully loaded extension "markdown.extensions.tables.TableExtension".
2025-06-09 14:06:04,681 - MARKDOWN - DEBUG - core.py:182 - Successfully loaded extension "markdown.extensions.abbr.AbbrExtension".
2025-06-09 14:06:04,681 - MARKDOWN - DEBUG - core.py:182 - Successfully loaded extension "markdown.extensions.md_in_html.MarkdownInHtmlExtension".
2025-06-09 14:06:04,681 - MARKDOWN - DEBUG - core.py:182 - Successfully loaded extension "markdown.extensions.extra.ExtraExtension".
2025-06-09 14:06:04,681 - MARKDOWN - DEBUG - core.py:182 - Successfully loaded extension "markdown.extensions.tables.TableExtension".
2025-06-09 14:06:04,755 - engineio.server - INFO - socket.py:78 - Gpk-EQHikPpeXTo0AAAQ: Sending packet OPEN data {'sid': 'Gpk-EQHikPpeXTo0AAAQ', 'upgrades': [], 'pingTimeout': 20000, 'pingInterval': 25000, 'maxPayload': 1000000}
2025-06-09 14:06:04,755 - engineio.server - INFO - socket.py:90 - Gpk-EQHikPpeXTo0AAAQ: Received request to upgrade to websocket
2025-06-09 14:06:04,755 - engineio.server - INFO - socket.py:219 - Gpk-EQHikPpeXTo0AAAQ: Upgrade to websocket successful
2025-06-09 14:06:04,776 - engineio.server - INFO - socket.py:39 - Gpk-EQHikPpeXTo0AAAQ: Received packet MESSAGE data 0
2025-06-09 14:06:04,777 - root - INFO - app.py:146 - [socketio] Client connected: aICQQcRf90eV8BuMAAAR
2025-06-09 14:06:04,777 - socketio.server - INFO - server.py:164 - emitting event "connected" to aICQQcRf90eV8BuMAAAR [/]
2025-06-09 14:06:04,777 - engineio.server - INFO - socket.py:78 - Gpk-EQHikPpeXTo0AAAQ: Sending packet MESSAGE data 2["connected",{"sid":"aICQQcRf90eV8BuMAAAR"}]
2025-06-09 14:06:04,777 - engineio.server - INFO - socket.py:78 - Gpk-EQHikPpeXTo0AAAQ: Sending packet MESSAGE data 0{"sid":"aICQQcRf90eV8BuMAAAR"}
2025-06-09 14:06:04,820 - engineio.server - INFO - socket.py:39 - Gpk-EQHikPpeXTo0AAAQ: Received packet MESSAGE data 2["join_task_room",{"task_id":"77"}]
2025-06-09 14:06:04,820 - socketio.server - INFO - server.py:576 - received event "join_task_room" from aICQQcRf90eV8BuMAAAR [/]
2025-06-09 14:06:04,821 - root - INFO - app.py:155 - [socketio] aICQQcRf90eV8BuMAAAR joining room: task_77
2025-06-09 14:06:04,821 - socketio.server - INFO - server.py:284 - aICQQcRf90eV8BuMAAAR is entering room task_77 [/]
2025-06-09 14:06:04,821 - root - INFO - app.py:157 - [socketio] aICQQcRf90eV8BuMAAAR joined room: task_77
2025-06-09 14:06:04,821 - socketio.server - INFO - server.py:164 - emitting event "joined_task_room" to aICQQcRf90eV8BuMAAAR [/]
2025-06-09 14:06:04,821 - engineio.server - INFO - socket.py:78 - Gpk-EQHikPpeXTo0AAAQ: Sending packet MESSAGE data 2["joined_task_room",{"task_id":"77"}]
2025-06-09 14:06:29,757 - engineio.server - INFO - socket.py:78 - Gpk-EQHikPpeXTo0AAAQ: Sending packet PING data None
2025-06-09 14:06:29,760 - engineio.server - INFO - socket.py:39 - Gpk-EQHikPpeXTo0AAAQ: Received packet PONG data 
2025-06-09 14:06:54,765 - engineio.server - INFO - socket.py:78 - Gpk-EQHikPpeXTo0AAAQ: Sending packet PING data None
2025-06-09 14:06:54,768 - engineio.server - INFO - socket.py:39 - Gpk-EQHikPpeXTo0AAAQ: Received packet PONG data 
2025-06-09 14:07:19,770 - engineio.server - INFO - socket.py:78 - Gpk-EQHikPpeXTo0AAAQ: Sending packet PING data None
2025-06-09 14:07:19,772 - engineio.server - INFO - socket.py:39 - Gpk-EQHikPpeXTo0AAAQ: Received packet PONG data 
2025-06-09 14:07:44,777 - engineio.server - INFO - socket.py:78 - Gpk-EQHikPpeXTo0AAAQ: Sending packet PING data None
2025-06-09 14:07:44,779 - engineio.server - INFO - socket.py:39 - Gpk-EQHikPpeXTo0AAAQ: Received packet PONG data 
2025-06-09 14:08:09,782 - engineio.server - INFO - socket.py:78 - Gpk-EQHikPpeXTo0AAAQ: Sending packet PING data None
2025-06-09 14:08:09,784 - engineio.server - INFO - socket.py:39 - Gpk-EQHikPpeXTo0AAAQ: Received packet PONG data 
2025-06-09 14:08:34,789 - engineio.server - INFO - socket.py:78 - Gpk-EQHikPpeXTo0AAAQ: Sending packet PING data None
2025-06-09 14:08:34,790 - engineio.server - INFO - socket.py:39 - Gpk-EQHikPpeXTo0AAAQ: Received packet PONG data 
2025-06-09 14:08:59,793 - engineio.server - INFO - socket.py:78 - Gpk-EQHikPpeXTo0AAAQ: Sending packet PING data None
2025-06-09 14:08:59,796 - engineio.server - INFO - socket.py:39 - Gpk-EQHikPpeXTo0AAAQ: Received packet PONG data 
2025-06-09 14:09:24,801 - engineio.server - INFO - socket.py:78 - Gpk-EQHikPpeXTo0AAAQ: Sending packet PING data None
2025-06-09 14:09:24,803 - engineio.server - INFO - socket.py:39 - Gpk-EQHikPpeXTo0AAAQ: Received packet PONG data 
2025-06-09 14:09:49,804 - engineio.server - INFO - socket.py:78 - Gpk-EQHikPpeXTo0AAAQ: Sending packet PING data None
2025-06-09 14:09:49,807 - engineio.server - INFO - socket.py:39 - Gpk-EQHikPpeXTo0AAAQ: Received packet PONG data 
2025-06-09 14:10:14,813 - engineio.server - INFO - socket.py:78 - Gpk-EQHikPpeXTo0AAAQ: Sending packet PING data None
2025-06-09 14:10:14,814 - engineio.server - INFO - socket.py:39 - Gpk-EQHikPpeXTo0AAAQ: Received packet PONG data 
2025-06-09 14:10:39,478 - root - INFO - message.py:67 - Retrieved 3 messages for task_id=77
2025-06-09 14:10:39,478 - root - INFO - file.py:84 - DB ENV (get_files): PGHOST=localhost, PGPORT=5433, PGDATABASE=toxindex, PGUSER=postgres, PGPASSWORD=devpassword
2025-06-09 14:10:39,478 - root - INFO - file.py:85 - Calling get_files with task_id=77 (type: <class 'int'>)
2025-06-09 14:10:39,481 - root - INFO - file.py:90 - Raw rows returned from DB for task_id=77: [[53, 77, UUID('078a38e9-c1b8-421e-b797-59ee3ae69df4'), 'probra_result_1f12a6f899554f33ab1149d80ec128bb.md', '77/probra_result_1f12a6f899554f33ab1149d80ec128bb.md', 'https://toxindex-environments-2.s3.amazonaws.com/77/probra_result_1f12a6f899554f33ab1149d80ec128bb.md?AWSAccessKeyId=ASIAQ72ED6HZEJGH3WVP&Signature=01JS4PQUWuiMCGKnQA6LOmVdh4M%3D&x-amz-security-token=IQoJb3JpZ2luX2VjENL%2F%2F%2F%2F%2F%2F%2F%2F%2F%2FwEaCXVzLWVhc3QtMSJIMEYCIQDOwWZ92rHuRduG0HlIr0ZJh5Z3246uxnkjP6Z3AOm3awIhAI2%2F%2FJZM5%2BR5bhrXR6iig0rd3blySQA3yrlUu1Ajx7lWKv4CCKv%2F%2F%2F%2F%2F%2F%2F%2F%2F%2FwEQABoMMDY4MzI1NDcwNzA2Igz73xQshCLCKsTI%2BJkq0gKuTd%2FD5VQL7pxhkvqiIelUvbuFjD91f7BqiqMhQQC89kjCNcd21Vup2gksuaOnhc7yEG%2B0Pt3Yg1z7y5HotHruO3erLdPO7DfQy%2FwECR%2F8RAqMpxLAl9PN2Om%2BJg2NQsjXWx%2BeoDHTqEMaVYNbX3466Ksu84TnSUcfpGAXbRP6MmxQR0rMnBT3%2FkyK3UJ9jZ2BOw9QPgRfLEC%2BU4g5y3e6Intt2HhFCagSH2gZ%2FeOkPZr82MNRPbQRARs2e063q17dPXYUQRD%2FsQAFpok%2BBqPoxnVxFdZanQzsP3Gi%2FhY6DnjyotEluVOE0n%2B%2BXiyNhxLV1G3BbURIHPZY5r1c3pGtl02VRS0n%2BAGMTtNt31Lj2mw9l456irbaGdchMTaUy06t6Vtm9fG3XV9JZO8R%2FfB98LK2hQM9CmnWR3sTUYs7iHAQNdnOlVKnghjd4gxH0Yp9yDC8uJzCBjqmAYdQ3F96uXXXXwcbR1jmbmd4fK5SckFBYjZkCvucBHyYkpDtU3PD2EGSmSA%2BbnUEFictfiIHpQUE8suSTEAIW%2FiTy7l30hUdl80aFffOLP9%2BroMydiJ2qQqY9USQ2Lsz2Nz%2BcqhpRqd4jhuyICgN60PfTS%2BKv3fGhT5oksGOR2juO7CW%2B%2BZiQnkqJy3mThXip04Zl4hY2ydOevXqtdTm7jN0HkcudPE%3D&Expires=1749494348', datetime.datetime(2025, 6, 9, 13, 39, 8, 573100)], [54, 77, UUID('078a38e9-c1b8-421e-b797-59ee3ae69df4'), 'probra_result_1f12a6f899554f33ab1149d80ec128bb.md', '77/probra_result_1f12a6f899554f33ab1149d80ec128bb.md', 'https://toxindex-environments-2.s3.amazonaws.com/77/probra_result_1f12a6f899554f33ab1149d80ec128bb.md?AWSAccessKeyId=ASIAQ72ED6HZEJGH3WVP&Signature=01JS4PQUWuiMCGKnQA6LOmVdh4M%3D&x-amz-security-token=IQoJb3JpZ2luX2VjENL%2F%2F%2F%2F%2F%2F%2F%2F%2F%2FwEaCXVzLWVhc3QtMSJIMEYCIQDOwWZ92rHuRduG0HlIr0ZJh5Z3246uxnkjP6Z3AOm3awIhAI2%2F%2FJZM5%2BR5bhrXR6iig0rd3blySQA3yrlUu1Ajx7lWKv4CCKv%2F%2F%2F%2F%2F%2F%2F%2F%2F%2FwEQABoMMDY4MzI1NDcwNzA2Igz73xQshCLCKsTI%2BJkq0gKuTd%2FD5VQL7pxhkvqiIelUvbuFjD91f7BqiqMhQQC89kjCNcd21Vup2gksuaOnhc7yEG%2B0Pt3Yg1z7y5HotHruO3erLdPO7DfQy%2FwECR%2F8RAqMpxLAl9PN2Om%2BJg2NQsjXWx%2BeoDHTqEMaVYNbX3466Ksu84TnSUcfpGAXbRP6MmxQR0rMnBT3%2FkyK3UJ9jZ2BOw9QPgRfLEC%2BU4g5y3e6Intt2HhFCagSH2gZ%2FeOkPZr82MNRPbQRARs2e063q17dPXYUQRD%2FsQAFpok%2BBqPoxnVxFdZanQzsP3Gi%2FhY6DnjyotEluVOE0n%2B%2BXiyNhxLV1G3BbURIHPZY5r1c3pGtl02VRS0n%2BAGMTtNt31Lj2mw9l456irbaGdchMTaUy06t6Vtm9fG3XV9JZO8R%2FfB98LK2hQM9CmnWR3sTUYs7iHAQNdnOlVKnghjd4gxH0Yp9yDC8uJzCBjqmAYdQ3F96uXXXXwcbR1jmbmd4fK5SckFBYjZkCvucBHyYkpDtU3PD2EGSmSA%2BbnUEFictfiIHpQUE8suSTEAIW%2FiTy7l30hUdl80aFffOLP9%2BroMydiJ2qQqY9USQ2Lsz2Nz%2BcqhpRqd4jhuyICgN60PfTS%2BKv3fGhT5oksGOR2juO7CW%2B%2BZiQnkqJy3mThXip04Zl4hY2ydOevXqtdTm7jN0HkcudPE%3D&Expires=1749494348', datetime.datetime(2025, 6, 9, 13, 39, 8, 573571)]]
2025-06-09 14:10:39,481 - root - INFO - file.py:94 - Found 2 files in DB for task_id=77
2025-06-09 14:10:39,481 - root - WARNING - file.py:130 - Could not read file 77/probra_result_1f12a6f899554f33ab1149d80ec128bb.md: [Errno 2] No such file or directory: '77/probra_result_1f12a6f899554f33ab1149d80ec128bb.md'
2025-06-09 14:10:39,481 - root - WARNING - file.py:130 - Could not read file 77/probra_result_1f12a6f899554f33ab1149d80ec128bb.md: [Errno 2] No such file or directory: '77/probra_result_1f12a6f899554f33ab1149d80ec128bb.md'
2025-06-09 14:10:39,482 - MARKDOWN - DEBUG - core.py:182 - Successfully loaded extension "markdown.extensions.fenced_code.FencedCodeExtension".
2025-06-09 14:10:39,482 - MARKDOWN - DEBUG - core.py:182 - Successfully loaded extension "markdown.extensions.footnotes.FootnoteExtension".
2025-06-09 14:10:39,482 - MARKDOWN - DEBUG - core.py:182 - Successfully loaded extension "markdown.extensions.attr_list.AttrListExtension".
2025-06-09 14:10:39,482 - MARKDOWN - DEBUG - core.py:182 - Successfully loaded extension "markdown.extensions.def_list.DefListExtension".
2025-06-09 14:10:39,482 - MARKDOWN - DEBUG - core.py:182 - Successfully loaded extension "markdown.extensions.tables.TableExtension".
2025-06-09 14:10:39,482 - MARKDOWN - DEBUG - core.py:182 - Successfully loaded extension "markdown.extensions.abbr.AbbrExtension".
2025-06-09 14:10:39,482 - MARKDOWN - DEBUG - core.py:182 - Successfully loaded extension "markdown.extensions.md_in_html.MarkdownInHtmlExtension".
2025-06-09 14:10:39,482 - MARKDOWN - DEBUG - core.py:182 - Successfully loaded extension "markdown.extensions.extra.ExtraExtension".
2025-06-09 14:10:39,483 - MARKDOWN - DEBUG - core.py:182 - Successfully loaded extension "markdown.extensions.tables.TableExtension".
2025-06-09 14:10:39,529 - engineio.server - INFO - socket.py:78 - -4a7ltx_1dWf12DcAAAS: Sending packet OPEN data {'sid': '-4a7ltx_1dWf12DcAAAS', 'upgrades': [], 'pingTimeout': 20000, 'pingInterval': 25000, 'maxPayload': 1000000}
2025-06-09 14:10:39,529 - engineio.server - INFO - socket.py:90 - -4a7ltx_1dWf12DcAAAS: Received request to upgrade to websocket
2025-06-09 14:10:39,529 - engineio.server - INFO - socket.py:219 - -4a7ltx_1dWf12DcAAAS: Upgrade to websocket successful
2025-06-09 14:10:39,555 - engineio.server - INFO - socket.py:39 - -4a7ltx_1dWf12DcAAAS: Received packet MESSAGE data 0
2025-06-09 14:10:39,555 - root - INFO - app.py:146 - [socketio] Client connected: ya6cPXHaBzEfa4ULAAAT
2025-06-09 14:10:39,555 - socketio.server - INFO - server.py:164 - emitting event "connected" to ya6cPXHaBzEfa4ULAAAT [/]
2025-06-09 14:10:39,555 - engineio.server - INFO - socket.py:78 - -4a7ltx_1dWf12DcAAAS: Sending packet MESSAGE data 2["connected",{"sid":"ya6cPXHaBzEfa4ULAAAT"}]
2025-06-09 14:10:39,556 - engineio.server - INFO - socket.py:78 - -4a7ltx_1dWf12DcAAAS: Sending packet MESSAGE data 0{"sid":"ya6cPXHaBzEfa4ULAAAT"}
2025-06-09 14:10:39,598 - engineio.server - INFO - socket.py:39 - -4a7ltx_1dWf12DcAAAS: Received packet MESSAGE data 2["join_task_room",{"task_id":"77"}]
2025-06-09 14:10:39,598 - socketio.server - INFO - server.py:576 - received event "join_task_room" from ya6cPXHaBzEfa4ULAAAT [/]
2025-06-09 14:10:39,599 - root - INFO - app.py:155 - [socketio] ya6cPXHaBzEfa4ULAAAT joining room: task_77
2025-06-09 14:10:39,599 - socketio.server - INFO - server.py:284 - ya6cPXHaBzEfa4ULAAAT is entering room task_77 [/]
2025-06-09 14:10:39,599 - root - INFO - app.py:157 - [socketio] ya6cPXHaBzEfa4ULAAAT joined room: task_77
2025-06-09 14:10:39,599 - socketio.server - INFO - server.py:164 - emitting event "joined_task_room" to ya6cPXHaBzEfa4ULAAAT [/]
2025-06-09 14:10:39,600 - engineio.server - INFO - socket.py:78 - -4a7ltx_1dWf12DcAAAS: Sending packet MESSAGE data 2["joined_task_room",{"task_id":"77"}]
2025-06-09 14:11:04,542 - engineio.server - INFO - socket.py:78 - -4a7ltx_1dWf12DcAAAS: Sending packet PING data None
2025-06-09 14:11:04,544 - engineio.server - INFO - socket.py:39 - -4a7ltx_1dWf12DcAAAS: Received packet PONG data 
2025-06-09 14:11:29,546 - engineio.server - INFO - socket.py:78 - -4a7ltx_1dWf12DcAAAS: Sending packet PING data None
2025-06-09 14:11:29,548 - engineio.server - INFO - socket.py:39 - -4a7ltx_1dWf12DcAAAS: Received packet PONG data 
2025-06-09 14:11:54,553 - engineio.server - INFO - socket.py:78 - -4a7ltx_1dWf12DcAAAS: Sending packet PING data None
2025-06-09 14:11:54,555 - engineio.server - INFO - socket.py:39 - -4a7ltx_1dWf12DcAAAS: Received packet PONG data 
2025-06-09 14:12:19,558 - engineio.server - INFO - socket.py:78 - -4a7ltx_1dWf12DcAAAS: Sending packet PING data None
2025-06-09 14:12:19,560 - engineio.server - INFO - socket.py:39 - -4a7ltx_1dWf12DcAAAS: Received packet PONG data 
2025-06-09 14:12:44,565 - engineio.server - INFO - socket.py:78 - -4a7ltx_1dWf12DcAAAS: Sending packet PING data None
2025-06-09 14:12:44,568 - engineio.server - INFO - socket.py:39 - -4a7ltx_1dWf12DcAAAS: Received packet PONG data 
2025-06-09 14:12:59,155 - root - INFO - message.py:67 - Retrieved 3 messages for task_id=77
2025-06-09 14:12:59,155 - root - INFO - file.py:84 - DB ENV (get_files): PGHOST=localhost, PGPORT=5433, PGDATABASE=toxindex, PGUSER=postgres, PGPASSWORD=devpassword
2025-06-09 14:12:59,156 - root - INFO - file.py:85 - Calling get_files with task_id=77 (type: <class 'int'>)
2025-06-09 14:12:59,160 - root - INFO - file.py:90 - Raw rows returned from DB for task_id=77: [[53, 77, UUID('078a38e9-c1b8-421e-b797-59ee3ae69df4'), 'probra_result_1f12a6f899554f33ab1149d80ec128bb.md', '77/probra_result_1f12a6f899554f33ab1149d80ec128bb.md', 'https://toxindex-environments-2.s3.amazonaws.com/77/probra_result_1f12a6f899554f33ab1149d80ec128bb.md?AWSAccessKeyId=ASIAQ72ED6HZEJGH3WVP&Signature=01JS4PQUWuiMCGKnQA6LOmVdh4M%3D&x-amz-security-token=IQoJb3JpZ2luX2VjENL%2F%2F%2F%2F%2F%2F%2F%2F%2F%2FwEaCXVzLWVhc3QtMSJIMEYCIQDOwWZ92rHuRduG0HlIr0ZJh5Z3246uxnkjP6Z3AOm3awIhAI2%2F%2FJZM5%2BR5bhrXR6iig0rd3blySQA3yrlUu1Ajx7lWKv4CCKv%2F%2F%2F%2F%2F%2F%2F%2F%2F%2FwEQABoMMDY4MzI1NDcwNzA2Igz73xQshCLCKsTI%2BJkq0gKuTd%2FD5VQL7pxhkvqiIelUvbuFjD91f7BqiqMhQQC89kjCNcd21Vup2gksuaOnhc7yEG%2B0Pt3Yg1z7y5HotHruO3erLdPO7DfQy%2FwECR%2F8RAqMpxLAl9PN2Om%2BJg2NQsjXWx%2BeoDHTqEMaVYNbX3466Ksu84TnSUcfpGAXbRP6MmxQR0rMnBT3%2FkyK3UJ9jZ2BOw9QPgRfLEC%2BU4g5y3e6Intt2HhFCagSH2gZ%2FeOkPZr82MNRPbQRARs2e063q17dPXYUQRD%2FsQAFpok%2BBqPoxnVxFdZanQzsP3Gi%2FhY6DnjyotEluVOE0n%2B%2BXiyNhxLV1G3BbURIHPZY5r1c3pGtl02VRS0n%2BAGMTtNt31Lj2mw9l456irbaGdchMTaUy06t6Vtm9fG3XV9JZO8R%2FfB98LK2hQM9CmnWR3sTUYs7iHAQNdnOlVKnghjd4gxH0Yp9yDC8uJzCBjqmAYdQ3F96uXXXXwcbR1jmbmd4fK5SckFBYjZkCvucBHyYkpDtU3PD2EGSmSA%2BbnUEFictfiIHpQUE8suSTEAIW%2FiTy7l30hUdl80aFffOLP9%2BroMydiJ2qQqY9USQ2Lsz2Nz%2BcqhpRqd4jhuyICgN60PfTS%2BKv3fGhT5oksGOR2juO7CW%2B%2BZiQnkqJy3mThXip04Zl4hY2ydOevXqtdTm7jN0HkcudPE%3D&Expires=1749494348', datetime.datetime(2025, 6, 9, 13, 39, 8, 573100)], [54, 77, UUID('078a38e9-c1b8-421e-b797-59ee3ae69df4'), 'probra_result_1f12a6f899554f33ab1149d80ec128bb.md', '77/probra_result_1f12a6f899554f33ab1149d80ec128bb.md', 'https://toxindex-environments-2.s3.amazonaws.com/77/probra_result_1f12a6f899554f33ab1149d80ec128bb.md?AWSAccessKeyId=ASIAQ72ED6HZEJGH3WVP&Signature=01JS4PQUWuiMCGKnQA6LOmVdh4M%3D&x-amz-security-token=IQoJb3JpZ2luX2VjENL%2F%2F%2F%2F%2F%2F%2F%2F%2F%2FwEaCXVzLWVhc3QtMSJIMEYCIQDOwWZ92rHuRduG0HlIr0ZJh5Z3246uxnkjP6Z3AOm3awIhAI2%2F%2FJZM5%2BR5bhrXR6iig0rd3blySQA3yrlUu1Ajx7lWKv4CCKv%2F%2F%2F%2F%2F%2F%2F%2F%2F%2FwEQABoMMDY4MzI1NDcwNzA2Igz73xQshCLCKsTI%2BJkq0gKuTd%2FD5VQL7pxhkvqiIelUvbuFjD91f7BqiqMhQQC89kjCNcd21Vup2gksuaOnhc7yEG%2B0Pt3Yg1z7y5HotHruO3erLdPO7DfQy%2FwECR%2F8RAqMpxLAl9PN2Om%2BJg2NQsjXWx%2BeoDHTqEMaVYNbX3466Ksu84TnSUcfpGAXbRP6MmxQR0rMnBT3%2FkyK3UJ9jZ2BOw9QPgRfLEC%2BU4g5y3e6Intt2HhFCagSH2gZ%2FeOkPZr82MNRPbQRARs2e063q17dPXYUQRD%2FsQAFpok%2BBqPoxnVxFdZanQzsP3Gi%2FhY6DnjyotEluVOE0n%2B%2BXiyNhxLV1G3BbURIHPZY5r1c3pGtl02VRS0n%2BAGMTtNt31Lj2mw9l456irbaGdchMTaUy06t6Vtm9fG3XV9JZO8R%2FfB98LK2hQM9CmnWR3sTUYs7iHAQNdnOlVKnghjd4gxH0Yp9yDC8uJzCBjqmAYdQ3F96uXXXXwcbR1jmbmd4fK5SckFBYjZkCvucBHyYkpDtU3PD2EGSmSA%2BbnUEFictfiIHpQUE8suSTEAIW%2FiTy7l30hUdl80aFffOLP9%2BroMydiJ2qQqY9USQ2Lsz2Nz%2BcqhpRqd4jhuyICgN60PfTS%2BKv3fGhT5oksGOR2juO7CW%2B%2BZiQnkqJy3mThXip04Zl4hY2ydOevXqtdTm7jN0HkcudPE%3D&Expires=1749494348', datetime.datetime(2025, 6, 9, 13, 39, 8, 573571)]]
2025-06-09 14:12:59,160 - root - INFO - file.py:94 - Found 2 files in DB for task_id=77
2025-06-09 14:12:59,160 - root - WARNING - file.py:130 - Could not read file 77/probra_result_1f12a6f899554f33ab1149d80ec128bb.md: [Errno 2] No such file or directory: '77/probra_result_1f12a6f899554f33ab1149d80ec128bb.md'
2025-06-09 14:12:59,160 - root - WARNING - file.py:130 - Could not read file 77/probra_result_1f12a6f899554f33ab1149d80ec128bb.md: [Errno 2] No such file or directory: '77/probra_result_1f12a6f899554f33ab1149d80ec128bb.md'
2025-06-09 14:12:59,161 - MARKDOWN - DEBUG - core.py:182 - Successfully loaded extension "markdown.extensions.fenced_code.FencedCodeExtension".
2025-06-09 14:12:59,161 - MARKDOWN - DEBUG - core.py:182 - Successfully loaded extension "markdown.extensions.footnotes.FootnoteExtension".
2025-06-09 14:12:59,161 - MARKDOWN - DEBUG - core.py:182 - Successfully loaded extension "markdown.extensions.attr_list.AttrListExtension".
2025-06-09 14:12:59,162 - MARKDOWN - DEBUG - core.py:182 - Successfully loaded extension "markdown.extensions.def_list.DefListExtension".
2025-06-09 14:12:59,162 - MARKDOWN - DEBUG - core.py:182 - Successfully loaded extension "markdown.extensions.tables.TableExtension".
2025-06-09 14:12:59,162 - MARKDOWN - DEBUG - core.py:182 - Successfully loaded extension "markdown.extensions.abbr.AbbrExtension".
2025-06-09 14:12:59,162 - MARKDOWN - DEBUG - core.py:182 - Successfully loaded extension "markdown.extensions.md_in_html.MarkdownInHtmlExtension".
2025-06-09 14:12:59,162 - MARKDOWN - DEBUG - core.py:182 - Successfully loaded extension "markdown.extensions.extra.ExtraExtension".
2025-06-09 14:12:59,162 - MARKDOWN - DEBUG - core.py:182 - Successfully loaded extension "markdown.extensions.tables.TableExtension".
2025-06-09 14:12:59,208 - engineio.server - INFO - socket.py:78 - 3u9sUTbSKFtx3Ez3AAAU: Sending packet OPEN data {'sid': '3u9sUTbSKFtx3Ez3AAAU', 'upgrades': [], 'pingTimeout': 20000, 'pingInterval': 25000, 'maxPayload': 1000000}
2025-06-09 14:12:59,208 - engineio.server - INFO - socket.py:90 - 3u9sUTbSKFtx3Ez3AAAU: Received request to upgrade to websocket
2025-06-09 14:12:59,208 - engineio.server - INFO - socket.py:219 - 3u9sUTbSKFtx3Ez3AAAU: Upgrade to websocket successful
2025-06-09 14:12:59,232 - engineio.server - INFO - socket.py:39 - 3u9sUTbSKFtx3Ez3AAAU: Received packet MESSAGE data 0
2025-06-09 14:12:59,233 - root - INFO - app.py:146 - [socketio] Client connected: J_W8UebLIQKGqNYyAAAV
2025-06-09 14:12:59,233 - socketio.server - INFO - server.py:164 - emitting event "connected" to J_W8UebLIQKGqNYyAAAV [/]
2025-06-09 14:12:59,233 - engineio.server - INFO - socket.py:78 - 3u9sUTbSKFtx3Ez3AAAU: Sending packet MESSAGE data 2["connected",{"sid":"J_W8UebLIQKGqNYyAAAV"}]
2025-06-09 14:12:59,233 - engineio.server - INFO - socket.py:78 - 3u9sUTbSKFtx3Ez3AAAU: Sending packet MESSAGE data 0{"sid":"J_W8UebLIQKGqNYyAAAV"}
2025-06-09 14:12:59,275 - engineio.server - INFO - socket.py:39 - 3u9sUTbSKFtx3Ez3AAAU: Received packet MESSAGE data 2["join_task_room",{"task_id":"77"}]
2025-06-09 14:12:59,276 - socketio.server - INFO - server.py:576 - received event "join_task_room" from J_W8UebLIQKGqNYyAAAV [/]
2025-06-09 14:12:59,277 - root - INFO - app.py:155 - [socketio] J_W8UebLIQKGqNYyAAAV joining room: task_77
2025-06-09 14:12:59,277 - socketio.server - INFO - server.py:284 - J_W8UebLIQKGqNYyAAAV is entering room task_77 [/]
2025-06-09 14:12:59,278 - root - INFO - app.py:157 - [socketio] J_W8UebLIQKGqNYyAAAV joined room: task_77
2025-06-09 14:12:59,278 - socketio.server - INFO - server.py:164 - emitting event "joined_task_room" to J_W8UebLIQKGqNYyAAAV [/]
2025-06-09 14:12:59,278 - engineio.server - INFO - socket.py:78 - 3u9sUTbSKFtx3Ez3AAAU: Sending packet MESSAGE data 2["joined_task_room",{"task_id":"77"}]
2025-06-09 14:13:24,213 - engineio.server - INFO - socket.py:78 - 3u9sUTbSKFtx3Ez3AAAU: Sending packet PING data None
2025-06-09 14:13:24,215 - engineio.server - INFO - socket.py:39 - 3u9sUTbSKFtx3Ez3AAAU: Received packet PONG data 
2025-06-09 14:13:49,217 - engineio.server - INFO - socket.py:78 - 3u9sUTbSKFtx3Ez3AAAU: Sending packet PING data None
2025-06-09 14:13:49,219 - engineio.server - INFO - socket.py:39 - 3u9sUTbSKFtx3Ez3AAAU: Received packet PONG data 
2025-06-09 14:14:14,224 - engineio.server - INFO - socket.py:78 - 3u9sUTbSKFtx3Ez3AAAU: Sending packet PING data None
2025-06-09 14:14:14,227 - engineio.server - INFO - socket.py:39 - 3u9sUTbSKFtx3Ez3AAAU: Received packet PONG data 
2025-06-09 14:14:25,180 - root - INFO - message.py:67 - Retrieved 3 messages for task_id=77
2025-06-09 14:14:25,180 - root - INFO - file.py:84 - DB ENV (get_files): PGHOST=localhost, PGPORT=5433, PGDATABASE=toxindex, PGUSER=postgres, PGPASSWORD=devpassword
2025-06-09 14:14:25,180 - root - INFO - file.py:85 - Calling get_files with task_id=77 (type: <class 'int'>)
2025-06-09 14:14:25,183 - root - INFO - file.py:90 - Raw rows returned from DB for task_id=77: [[53, 77, UUID('078a38e9-c1b8-421e-b797-59ee3ae69df4'), 'probra_result_1f12a6f899554f33ab1149d80ec128bb.md', '77/probra_result_1f12a6f899554f33ab1149d80ec128bb.md', 'https://toxindex-environments-2.s3.amazonaws.com/77/probra_result_1f12a6f899554f33ab1149d80ec128bb.md?AWSAccessKeyId=ASIAQ72ED6HZEJGH3WVP&Signature=01JS4PQUWuiMCGKnQA6LOmVdh4M%3D&x-amz-security-token=IQoJb3JpZ2luX2VjENL%2F%2F%2F%2F%2F%2F%2F%2F%2F%2FwEaCXVzLWVhc3QtMSJIMEYCIQDOwWZ92rHuRduG0HlIr0ZJh5Z3246uxnkjP6Z3AOm3awIhAI2%2F%2FJZM5%2BR5bhrXR6iig0rd3blySQA3yrlUu1Ajx7lWKv4CCKv%2F%2F%2F%2F%2F%2F%2F%2F%2F%2FwEQABoMMDY4MzI1NDcwNzA2Igz73xQshCLCKsTI%2BJkq0gKuTd%2FD5VQL7pxhkvqiIelUvbuFjD91f7BqiqMhQQC89kjCNcd21Vup2gksuaOnhc7yEG%2B0Pt3Yg1z7y5HotHruO3erLdPO7DfQy%2FwECR%2F8RAqMpxLAl9PN2Om%2BJg2NQsjXWx%2BeoDHTqEMaVYNbX3466Ksu84TnSUcfpGAXbRP6MmxQR0rMnBT3%2FkyK3UJ9jZ2BOw9QPgRfLEC%2BU4g5y3e6Intt2HhFCagSH2gZ%2FeOkPZr82MNRPbQRARs2e063q17dPXYUQRD%2FsQAFpok%2BBqPoxnVxFdZanQzsP3Gi%2FhY6DnjyotEluVOE0n%2B%2BXiyNhxLV1G3BbURIHPZY5r1c3pGtl02VRS0n%2BAGMTtNt31Lj2mw9l456irbaGdchMTaUy06t6Vtm9fG3XV9JZO8R%2FfB98LK2hQM9CmnWR3sTUYs7iHAQNdnOlVKnghjd4gxH0Yp9yDC8uJzCBjqmAYdQ3F96uXXXXwcbR1jmbmd4fK5SckFBYjZkCvucBHyYkpDtU3PD2EGSmSA%2BbnUEFictfiIHpQUE8suSTEAIW%2FiTy7l30hUdl80aFffOLP9%2BroMydiJ2qQqY9USQ2Lsz2Nz%2BcqhpRqd4jhuyICgN60PfTS%2BKv3fGhT5oksGOR2juO7CW%2B%2BZiQnkqJy3mThXip04Zl4hY2ydOevXqtdTm7jN0HkcudPE%3D&Expires=1749494348', datetime.datetime(2025, 6, 9, 13, 39, 8, 573100)], [54, 77, UUID('078a38e9-c1b8-421e-b797-59ee3ae69df4'), 'probra_result_1f12a6f899554f33ab1149d80ec128bb.md', '77/probra_result_1f12a6f899554f33ab1149d80ec128bb.md', 'https://toxindex-environments-2.s3.amazonaws.com/77/probra_result_1f12a6f899554f33ab1149d80ec128bb.md?AWSAccessKeyId=ASIAQ72ED6HZEJGH3WVP&Signature=01JS4PQUWuiMCGKnQA6LOmVdh4M%3D&x-amz-security-token=IQoJb3JpZ2luX2VjENL%2F%2F%2F%2F%2F%2F%2F%2F%2F%2FwEaCXVzLWVhc3QtMSJIMEYCIQDOwWZ92rHuRduG0HlIr0ZJh5Z3246uxnkjP6Z3AOm3awIhAI2%2F%2FJZM5%2BR5bhrXR6iig0rd3blySQA3yrlUu1Ajx7lWKv4CCKv%2F%2F%2F%2F%2F%2F%2F%2F%2F%2FwEQABoMMDY4MzI1NDcwNzA2Igz73xQshCLCKsTI%2BJkq0gKuTd%2FD5VQL7pxhkvqiIelUvbuFjD91f7BqiqMhQQC89kjCNcd21Vup2gksuaOnhc7yEG%2B0Pt3Yg1z7y5HotHruO3erLdPO7DfQy%2FwECR%2F8RAqMpxLAl9PN2Om%2BJg2NQsjXWx%2BeoDHTqEMaVYNbX3466Ksu84TnSUcfpGAXbRP6MmxQR0rMnBT3%2FkyK3UJ9jZ2BOw9QPgRfLEC%2BU4g5y3e6Intt2HhFCagSH2gZ%2FeOkPZr82MNRPbQRARs2e063q17dPXYUQRD%2FsQAFpok%2BBqPoxnVxFdZanQzsP3Gi%2FhY6DnjyotEluVOE0n%2B%2BXiyNhxLV1G3BbURIHPZY5r1c3pGtl02VRS0n%2BAGMTtNt31Lj2mw9l456irbaGdchMTaUy06t6Vtm9fG3XV9JZO8R%2FfB98LK2hQM9CmnWR3sTUYs7iHAQNdnOlVKnghjd4gxH0Yp9yDC8uJzCBjqmAYdQ3F96uXXXXwcbR1jmbmd4fK5SckFBYjZkCvucBHyYkpDtU3PD2EGSmSA%2BbnUEFictfiIHpQUE8suSTEAIW%2FiTy7l30hUdl80aFffOLP9%2BroMydiJ2qQqY9USQ2Lsz2Nz%2BcqhpRqd4jhuyICgN60PfTS%2BKv3fGhT5oksGOR2juO7CW%2B%2BZiQnkqJy3mThXip04Zl4hY2ydOevXqtdTm7jN0HkcudPE%3D&Expires=1749494348', datetime.datetime(2025, 6, 9, 13, 39, 8, 573571)]]
2025-06-09 14:14:25,183 - root - INFO - file.py:94 - Found 2 files in DB for task_id=77
2025-06-09 14:14:25,184 - root - WARNING - file.py:130 - Could not read file 77/probra_result_1f12a6f899554f33ab1149d80ec128bb.md: [Errno 2] No such file or directory: '77/probra_result_1f12a6f899554f33ab1149d80ec128bb.md'
2025-06-09 14:14:25,184 - root - WARNING - file.py:130 - Could not read file 77/probra_result_1f12a6f899554f33ab1149d80ec128bb.md: [Errno 2] No such file or directory: '77/probra_result_1f12a6f899554f33ab1149d80ec128bb.md'
2025-06-09 14:14:25,184 - MARKDOWN - DEBUG - core.py:182 - Successfully loaded extension "markdown.extensions.fenced_code.FencedCodeExtension".
2025-06-09 14:14:25,185 - MARKDOWN - DEBUG - core.py:182 - Successfully loaded extension "markdown.extensions.footnotes.FootnoteExtension".
2025-06-09 14:14:25,185 - MARKDOWN - DEBUG - core.py:182 - Successfully loaded extension "markdown.extensions.attr_list.AttrListExtension".
2025-06-09 14:14:25,185 - MARKDOWN - DEBUG - core.py:182 - Successfully loaded extension "markdown.extensions.def_list.DefListExtension".
2025-06-09 14:14:25,185 - MARKDOWN - DEBUG - core.py:182 - Successfully loaded extension "markdown.extensions.tables.TableExtension".
2025-06-09 14:14:25,185 - MARKDOWN - DEBUG - core.py:182 - Successfully loaded extension "markdown.extensions.abbr.AbbrExtension".
2025-06-09 14:14:25,185 - MARKDOWN - DEBUG - core.py:182 - Successfully loaded extension "markdown.extensions.md_in_html.MarkdownInHtmlExtension".
2025-06-09 14:14:25,185 - MARKDOWN - DEBUG - core.py:182 - Successfully loaded extension "markdown.extensions.extra.ExtraExtension".
2025-06-09 14:14:25,185 - MARKDOWN - DEBUG - core.py:182 - Successfully loaded extension "markdown.extensions.tables.TableExtension".
2025-06-09 14:14:25,235 - engineio.server - INFO - socket.py:78 - oUunMLAAy2TS2WzjAAAW: Sending packet OPEN data {'sid': 'oUunMLAAy2TS2WzjAAAW', 'upgrades': [], 'pingTimeout': 20000, 'pingInterval': 25000, 'maxPayload': 1000000}
2025-06-09 14:14:25,235 - engineio.server - INFO - socket.py:90 - oUunMLAAy2TS2WzjAAAW: Received request to upgrade to websocket
2025-06-09 14:14:25,235 - engineio.server - INFO - socket.py:219 - oUunMLAAy2TS2WzjAAAW: Upgrade to websocket successful
2025-06-09 14:14:25,254 - engineio.server - INFO - socket.py:39 - oUunMLAAy2TS2WzjAAAW: Received packet MESSAGE data 0
2025-06-09 14:14:25,255 - root - INFO - app.py:146 - [socketio] Client connected: ryGuUUVdkfuwxl4iAAAX
2025-06-09 14:14:25,255 - socketio.server - INFO - server.py:164 - emitting event "connected" to ryGuUUVdkfuwxl4iAAAX [/]
2025-06-09 14:14:25,255 - engineio.server - INFO - socket.py:78 - oUunMLAAy2TS2WzjAAAW: Sending packet MESSAGE data 2["connected",{"sid":"ryGuUUVdkfuwxl4iAAAX"}]
2025-06-09 14:14:25,256 - engineio.server - INFO - socket.py:78 - oUunMLAAy2TS2WzjAAAW: Sending packet MESSAGE data 0{"sid":"ryGuUUVdkfuwxl4iAAAX"}
2025-06-09 14:14:25,298 - engineio.server - INFO - socket.py:39 - oUunMLAAy2TS2WzjAAAW: Received packet MESSAGE data 2["join_task_room",{"task_id":"77"}]
2025-06-09 14:14:25,298 - socketio.server - INFO - server.py:576 - received event "join_task_room" from ryGuUUVdkfuwxl4iAAAX [/]
2025-06-09 14:14:25,299 - root - INFO - app.py:155 - [socketio] ryGuUUVdkfuwxl4iAAAX joining room: task_77
2025-06-09 14:14:25,300 - socketio.server - INFO - server.py:284 - ryGuUUVdkfuwxl4iAAAX is entering room task_77 [/]
2025-06-09 14:14:25,300 - root - INFO - app.py:157 - [socketio] ryGuUUVdkfuwxl4iAAAX joined room: task_77
2025-06-09 14:14:25,300 - socketio.server - INFO - server.py:164 - emitting event "joined_task_room" to ryGuUUVdkfuwxl4iAAAX [/]
2025-06-09 14:14:25,300 - engineio.server - INFO - socket.py:78 - oUunMLAAy2TS2WzjAAAW: Sending packet MESSAGE data 2["joined_task_room",{"task_id":"77"}]
2025-06-09 14:14:31,307 - engineio.server - INFO - socket.py:78 - sbhFFJA7O3S7XiwtAAAY: Sending packet OPEN data {'sid': 'sbhFFJA7O3S7XiwtAAAY', 'upgrades': [], 'pingTimeout': 20000, 'pingInterval': 25000, 'maxPayload': 1000000}
2025-06-09 14:14:31,307 - engineio.server - INFO - socket.py:90 - sbhFFJA7O3S7XiwtAAAY: Received request to upgrade to websocket
2025-06-09 14:14:31,308 - engineio.server - INFO - socket.py:219 - sbhFFJA7O3S7XiwtAAAY: Upgrade to websocket successful
2025-06-09 14:14:31,357 - engineio.server - INFO - socket.py:39 - sbhFFJA7O3S7XiwtAAAY: Received packet MESSAGE data 0
2025-06-09 14:14:31,358 - root - INFO - app.py:146 - [socketio] Client connected: lz4ZKONEB_Ety6M4AAAZ
2025-06-09 14:14:31,358 - socketio.server - INFO - server.py:164 - emitting event "connected" to lz4ZKONEB_Ety6M4AAAZ [/]
2025-06-09 14:14:31,359 - engineio.server - INFO - socket.py:78 - sbhFFJA7O3S7XiwtAAAY: Sending packet MESSAGE data 2["connected",{"sid":"lz4ZKONEB_Ety6M4AAAZ"}]
2025-06-09 14:14:31,359 - engineio.server - INFO - socket.py:78 - sbhFFJA7O3S7XiwtAAAY: Sending packet MESSAGE data 0{"sid":"lz4ZKONEB_Ety6M4AAAZ"}
2025-06-09 14:14:31,360 - engineio.server - INFO - socket.py:39 - sbhFFJA7O3S7XiwtAAAY: Received packet MESSAGE data 2["join_task_room",{"task_id":"77"}]
2025-06-09 14:14:31,360 - socketio.server - INFO - server.py:576 - received event "join_task_room" from lz4ZKONEB_Ety6M4AAAZ [/]
2025-06-09 14:14:31,360 - root - INFO - app.py:155 - [socketio] lz4ZKONEB_Ety6M4AAAZ joining room: task_77
2025-06-09 14:14:31,360 - socketio.server - INFO - server.py:284 - lz4ZKONEB_Ety6M4AAAZ is entering room task_77 [/]
2025-06-09 14:14:31,360 - root - INFO - app.py:157 - [socketio] lz4ZKONEB_Ety6M4AAAZ joined room: task_77
2025-06-09 14:14:31,360 - socketio.server - INFO - server.py:164 - emitting event "joined_task_room" to lz4ZKONEB_Ety6M4AAAZ [/]
2025-06-09 14:14:31,360 - engineio.server - INFO - socket.py:78 - sbhFFJA7O3S7XiwtAAAY: Sending packet MESSAGE data 2["joined_task_room",{"task_id":"77"}]
2025-06-09 14:14:56,313 - engineio.server - INFO - socket.py:78 - sbhFFJA7O3S7XiwtAAAY: Sending packet PING data None
2025-06-09 14:14:56,315 - engineio.server - INFO - socket.py:39 - sbhFFJA7O3S7XiwtAAAY: Received packet PONG data 
2025-06-09 14:15:21,317 - engineio.server - INFO - socket.py:78 - sbhFFJA7O3S7XiwtAAAY: Sending packet PING data None
2025-06-09 14:15:21,319 - engineio.server - INFO - socket.py:39 - sbhFFJA7O3S7XiwtAAAY: Received packet PONG data 
2025-06-09 14:15:46,321 - engineio.server - INFO - socket.py:78 - sbhFFJA7O3S7XiwtAAAY: Sending packet PING data None
2025-06-09 14:15:46,324 - engineio.server - INFO - socket.py:39 - sbhFFJA7O3S7XiwtAAAY: Received packet PONG data 
2025-06-09 14:16:11,327 - engineio.server - INFO - socket.py:78 - sbhFFJA7O3S7XiwtAAAY: Sending packet PING data None
2025-06-09 14:16:11,328 - engineio.server - INFO - socket.py:39 - sbhFFJA7O3S7XiwtAAAY: Received packet PONG data 
2025-06-09 14:16:36,331 - engineio.server - INFO - socket.py:78 - sbhFFJA7O3S7XiwtAAAY: Sending packet PING data None
2025-06-09 14:16:36,332 - engineio.server - INFO - socket.py:39 - sbhFFJA7O3S7XiwtAAAY: Received packet PONG data 
2025-06-09 14:16:42,496 - root - INFO - message.py:67 - Retrieved 3 messages for task_id=77
2025-06-09 14:16:42,497 - root - INFO - file.py:84 - DB ENV (get_files): PGHOST=localhost, PGPORT=5433, PGDATABASE=toxindex, PGUSER=postgres, PGPASSWORD=devpassword
2025-06-09 14:16:42,497 - root - INFO - file.py:85 - Calling get_files with task_id=77 (type: <class 'int'>)
2025-06-09 14:16:42,502 - root - INFO - file.py:90 - Raw rows returned from DB for task_id=77: [[53, 77, UUID('078a38e9-c1b8-421e-b797-59ee3ae69df4'), 'probra_result_1f12a6f899554f33ab1149d80ec128bb.md', '77/probra_result_1f12a6f899554f33ab1149d80ec128bb.md', 'https://toxindex-environments-2.s3.amazonaws.com/77/probra_result_1f12a6f899554f33ab1149d80ec128bb.md?AWSAccessKeyId=ASIAQ72ED6HZEJGH3WVP&Signature=01JS4PQUWuiMCGKnQA6LOmVdh4M%3D&x-amz-security-token=IQoJb3JpZ2luX2VjENL%2F%2F%2F%2F%2F%2F%2F%2F%2F%2FwEaCXVzLWVhc3QtMSJIMEYCIQDOwWZ92rHuRduG0HlIr0ZJh5Z3246uxnkjP6Z3AOm3awIhAI2%2F%2FJZM5%2BR5bhrXR6iig0rd3blySQA3yrlUu1Ajx7lWKv4CCKv%2F%2F%2F%2F%2F%2F%2F%2F%2F%2FwEQABoMMDY4MzI1NDcwNzA2Igz73xQshCLCKsTI%2BJkq0gKuTd%2FD5VQL7pxhkvqiIelUvbuFjD91f7BqiqMhQQC89kjCNcd21Vup2gksuaOnhc7yEG%2B0Pt3Yg1z7y5HotHruO3erLdPO7DfQy%2FwECR%2F8RAqMpxLAl9PN2Om%2BJg2NQsjXWx%2BeoDHTqEMaVYNbX3466Ksu84TnSUcfpGAXbRP6MmxQR0rMnBT3%2FkyK3UJ9jZ2BOw9QPgRfLEC%2BU4g5y3e6Intt2HhFCagSH2gZ%2FeOkPZr82MNRPbQRARs2e063q17dPXYUQRD%2FsQAFpok%2BBqPoxnVxFdZanQzsP3Gi%2FhY6DnjyotEluVOE0n%2B%2BXiyNhxLV1G3BbURIHPZY5r1c3pGtl02VRS0n%2BAGMTtNt31Lj2mw9l456irbaGdchMTaUy06t6Vtm9fG3XV9JZO8R%2FfB98LK2hQM9CmnWR3sTUYs7iHAQNdnOlVKnghjd4gxH0Yp9yDC8uJzCBjqmAYdQ3F96uXXXXwcbR1jmbmd4fK5SckFBYjZkCvucBHyYkpDtU3PD2EGSmSA%2BbnUEFictfiIHpQUE8suSTEAIW%2FiTy7l30hUdl80aFffOLP9%2BroMydiJ2qQqY9USQ2Lsz2Nz%2BcqhpRqd4jhuyICgN60PfTS%2BKv3fGhT5oksGOR2juO7CW%2B%2BZiQnkqJy3mThXip04Zl4hY2ydOevXqtdTm7jN0HkcudPE%3D&Expires=1749494348', datetime.datetime(2025, 6, 9, 13, 39, 8, 573100)], [54, 77, UUID('078a38e9-c1b8-421e-b797-59ee3ae69df4'), 'probra_result_1f12a6f899554f33ab1149d80ec128bb.md', '77/probra_result_1f12a6f899554f33ab1149d80ec128bb.md', 'https://toxindex-environments-2.s3.amazonaws.com/77/probra_result_1f12a6f899554f33ab1149d80ec128bb.md?AWSAccessKeyId=ASIAQ72ED6HZEJGH3WVP&Signature=01JS4PQUWuiMCGKnQA6LOmVdh4M%3D&x-amz-security-token=IQoJb3JpZ2luX2VjENL%2F%2F%2F%2F%2F%2F%2F%2F%2F%2FwEaCXVzLWVhc3QtMSJIMEYCIQDOwWZ92rHuRduG0HlIr0ZJh5Z3246uxnkjP6Z3AOm3awIhAI2%2F%2FJZM5%2BR5bhrXR6iig0rd3blySQA3yrlUu1Ajx7lWKv4CCKv%2F%2F%2F%2F%2F%2F%2F%2F%2F%2FwEQABoMMDY4MzI1NDcwNzA2Igz73xQshCLCKsTI%2BJkq0gKuTd%2FD5VQL7pxhkvqiIelUvbuFjD91f7BqiqMhQQC89kjCNcd21Vup2gksuaOnhc7yEG%2B0Pt3Yg1z7y5HotHruO3erLdPO7DfQy%2FwECR%2F8RAqMpxLAl9PN2Om%2BJg2NQsjXWx%2BeoDHTqEMaVYNbX3466Ksu84TnSUcfpGAXbRP6MmxQR0rMnBT3%2FkyK3UJ9jZ2BOw9QPgRfLEC%2BU4g5y3e6Intt2HhFCagSH2gZ%2FeOkPZr82MNRPbQRARs2e063q17dPXYUQRD%2FsQAFpok%2BBqPoxnVxFdZanQzsP3Gi%2FhY6DnjyotEluVOE0n%2B%2BXiyNhxLV1G3BbURIHPZY5r1c3pGtl02VRS0n%2BAGMTtNt31Lj2mw9l456irbaGdchMTaUy06t6Vtm9fG3XV9JZO8R%2FfB98LK2hQM9CmnWR3sTUYs7iHAQNdnOlVKnghjd4gxH0Yp9yDC8uJzCBjqmAYdQ3F96uXXXXwcbR1jmbmd4fK5SckFBYjZkCvucBHyYkpDtU3PD2EGSmSA%2BbnUEFictfiIHpQUE8suSTEAIW%2FiTy7l30hUdl80aFffOLP9%2BroMydiJ2qQqY9USQ2Lsz2Nz%2BcqhpRqd4jhuyICgN60PfTS%2BKv3fGhT5oksGOR2juO7CW%2B%2BZiQnkqJy3mThXip04Zl4hY2ydOevXqtdTm7jN0HkcudPE%3D&Expires=1749494348', datetime.datetime(2025, 6, 9, 13, 39, 8, 573571)]]
2025-06-09 14:16:42,502 - root - INFO - file.py:94 - Found 2 files in DB for task_id=77
2025-06-09 14:16:42,503 - root - WARNING - file.py:130 - Could not read file 77/probra_result_1f12a6f899554f33ab1149d80ec128bb.md: [Errno 2] No such file or directory: '77/probra_result_1f12a6f899554f33ab1149d80ec128bb.md'
2025-06-09 14:16:42,503 - root - WARNING - file.py:130 - Could not read file 77/probra_result_1f12a6f899554f33ab1149d80ec128bb.md: [Errno 2] No such file or directory: '77/probra_result_1f12a6f899554f33ab1149d80ec128bb.md'
2025-06-09 14:16:42,503 - MARKDOWN - DEBUG - core.py:182 - Successfully loaded extension "markdown.extensions.fenced_code.FencedCodeExtension".
2025-06-09 14:16:42,503 - MARKDOWN - DEBUG - core.py:182 - Successfully loaded extension "markdown.extensions.footnotes.FootnoteExtension".
2025-06-09 14:16:42,503 - MARKDOWN - DEBUG - core.py:182 - Successfully loaded extension "markdown.extensions.attr_list.AttrListExtension".
2025-06-09 14:16:42,504 - MARKDOWN - DEBUG - core.py:182 - Successfully loaded extension "markdown.extensions.def_list.DefListExtension".
2025-06-09 14:16:42,504 - MARKDOWN - DEBUG - core.py:182 - Successfully loaded extension "markdown.extensions.tables.TableExtension".
2025-06-09 14:16:42,504 - MARKDOWN - DEBUG - core.py:182 - Successfully loaded extension "markdown.extensions.abbr.AbbrExtension".
2025-06-09 14:16:42,504 - MARKDOWN - DEBUG - core.py:182 - Successfully loaded extension "markdown.extensions.md_in_html.MarkdownInHtmlExtension".
2025-06-09 14:16:42,504 - MARKDOWN - DEBUG - core.py:182 - Successfully loaded extension "markdown.extensions.extra.ExtraExtension".
2025-06-09 14:16:42,504 - MARKDOWN - DEBUG - core.py:182 - Successfully loaded extension "markdown.extensions.tables.TableExtension".
2025-06-09 14:16:42,555 - engineio.server - INFO - socket.py:78 - IiS66JUcLHFk3DQeAAAa: Sending packet OPEN data {'sid': 'IiS66JUcLHFk3DQeAAAa', 'upgrades': [], 'pingTimeout': 20000, 'pingInterval': 25000, 'maxPayload': 1000000}
2025-06-09 14:16:42,555 - engineio.server - INFO - socket.py:90 - IiS66JUcLHFk3DQeAAAa: Received request to upgrade to websocket
2025-06-09 14:16:42,555 - engineio.server - INFO - socket.py:219 - IiS66JUcLHFk3DQeAAAa: Upgrade to websocket successful
2025-06-09 14:16:42,578 - engineio.server - INFO - socket.py:39 - IiS66JUcLHFk3DQeAAAa: Received packet MESSAGE data 0
2025-06-09 14:16:42,578 - root - INFO - app.py:146 - [socketio] Client connected: n0jwWSNI23UJXON3AAAb
2025-06-09 14:16:42,578 - socketio.server - INFO - server.py:164 - emitting event "connected" to n0jwWSNI23UJXON3AAAb [/]
2025-06-09 14:16:42,578 - engineio.server - INFO - socket.py:78 - IiS66JUcLHFk3DQeAAAa: Sending packet MESSAGE data 2["connected",{"sid":"n0jwWSNI23UJXON3AAAb"}]
2025-06-09 14:16:42,579 - engineio.server - INFO - socket.py:78 - IiS66JUcLHFk3DQeAAAa: Sending packet MESSAGE data 0{"sid":"n0jwWSNI23UJXON3AAAb"}
2025-06-09 14:16:42,621 - engineio.server - INFO - socket.py:39 - IiS66JUcLHFk3DQeAAAa: Received packet MESSAGE data 2["join_task_room",{"task_id":"77"}]
2025-06-09 14:16:42,622 - socketio.server - INFO - server.py:576 - received event "join_task_room" from n0jwWSNI23UJXON3AAAb [/]
2025-06-09 14:16:42,622 - root - INFO - app.py:155 - [socketio] n0jwWSNI23UJXON3AAAb joining room: task_77
2025-06-09 14:16:42,622 - socketio.server - INFO - server.py:284 - n0jwWSNI23UJXON3AAAb is entering room task_77 [/]
2025-06-09 14:16:42,622 - root - INFO - app.py:157 - [socketio] n0jwWSNI23UJXON3AAAb joined room: task_77
2025-06-09 14:16:42,623 - socketio.server - INFO - server.py:164 - emitting event "joined_task_room" to n0jwWSNI23UJXON3AAAb [/]
2025-06-09 14:16:42,623 - engineio.server - INFO - socket.py:78 - IiS66JUcLHFk3DQeAAAa: Sending packet MESSAGE data 2["joined_task_room",{"task_id":"77"}]
2025-06-09 14:17:07,560 - engineio.server - INFO - socket.py:78 - IiS66JUcLHFk3DQeAAAa: Sending packet PING data None
2025-06-09 14:17:07,563 - engineio.server - INFO - socket.py:39 - IiS66JUcLHFk3DQeAAAa: Received packet PONG data 
2025-06-09 14:17:32,565 - engineio.server - INFO - socket.py:78 - IiS66JUcLHFk3DQeAAAa: Sending packet PING data None
2025-06-09 14:17:32,567 - engineio.server - INFO - socket.py:39 - IiS66JUcLHFk3DQeAAAa: Received packet PONG data 
