2025-06-09 17:02:34,895 - root - INFO - probra.py:28 - probra.py module loaded
2025-06-09 17:02:34,959 - root - INFO - app.py:37 - DB ENV (Flask startup): PGHOST=localhost, PGPORT=5433, PGDATABASE=toxindex, PGUSER=postgres, PGPASSWORD=devpassword
2025-06-09 17:02:34,959 - root - INFO - app.py:47 - SECRET_KEY: spain
2025-06-09 17:02:34,960 - root - INFO - app.py:48 - WTF_CSRF_ENABLED: not set
2025-06-09 17:02:34,962 - engineio.server - INFO - base_server.py:112 - Server initialized for eventlet.
2025-06-09 17:02:34,971 - root - DEBUG - datastore.py:56 - done
2025-06-09 17:02:34,972 - root - INFO - workflow.py:48 - updated workflow 1
2025-06-09 17:02:34,981 - root - DEBUG - datastore.py:56 - done
2025-06-09 17:02:34,981 - root - INFO - workflow.py:48 - updated workflow 2
2025-06-09 17:02:34,990 - root - DEBUG - datastore.py:56 - done
2025-06-09 17:02:34,991 - root - INFO - workflow.py:48 - updated workflow 3
2025-06-09 17:02:35,001 - root - DEBUG - datastore.py:56 - done
2025-06-09 17:02:35,001 - root - INFO - workflow.py:48 - updated workflow 4
2025-06-09 17:02:35,009 - werkzeug - WARNING - _internal.py:97 -  * Debugger is active!
2025-06-09 17:02:35,010 - root - INFO - app.py:89 - [redis_listener] (62d9f548) Started Redis listener thread: RedisListenerThread-6906f2de
2025-06-09 17:02:35,010 - root - DEBUG - app.py:91 - [redis_listener] (62d9f548) Raw redis_message: {'type': 'subscribe', 'pattern': None, 'channel': b'celery_updates', 'data': 1}
2025-06-09 17:02:35,013 - werkzeug - INFO - _internal.py:97 -  * Debugger PIN: 842-788-610
2025-06-09 17:02:36,453 - engineio.server - INFO - socket.py:78 - LtYNCuyaKtHl9CJRAAAA: Sending packet OPEN data {'sid': 'LtYNCuyaKtHl9CJRAAAA', 'upgrades': [], 'pingTimeout': 20000, 'pingInterval': 25000, 'maxPayload': 1000000}
2025-06-09 17:02:36,453 - socketio.server - INFO - pubsub_manager.py:37 - redis backend initialized.
2025-06-09 17:02:36,453 - engineio.server - INFO - socket.py:90 - LtYNCuyaKtHl9CJRAAAA: Received request to upgrade to websocket
2025-06-09 17:02:36,454 - engineio.server - INFO - socket.py:219 - LtYNCuyaKtHl9CJRAAAA: Upgrade to websocket successful
2025-06-09 17:02:36,457 - engineio.server - INFO - socket.py:39 - LtYNCuyaKtHl9CJRAAAA: Received packet MESSAGE data 0
2025-06-09 17:02:36,459 - root - INFO - app.py:146 - [socketio] Client connected: CgwlAA7QovOD0URjAAAB
2025-06-09 17:02:36,459 - socketio.server - INFO - server.py:164 - emitting event "connected" to CgwlAA7QovOD0URjAAAB [/]
2025-06-09 17:02:36,460 - engineio.server - INFO - socket.py:78 - LtYNCuyaKtHl9CJRAAAA: Sending packet MESSAGE data 2["connected",{"sid":"CgwlAA7QovOD0URjAAAB"}]
2025-06-09 17:02:36,462 - engineio.server - INFO - socket.py:78 - LtYNCuyaKtHl9CJRAAAA: Sending packet MESSAGE data 0{"sid":"CgwlAA7QovOD0URjAAAB"}
2025-06-09 17:02:58,509 - werkzeug - INFO - _internal.py:97 -  * Detected change in '/home/kyu/Documents/toxindex/webserver/app.py', reloading
2025-06-09 17:02:59,653 - root - INFO - probra.py:28 - probra.py module loaded
2025-06-09 17:02:59,710 - root - INFO - app.py:37 - DB ENV (Flask startup): PGHOST=localhost, PGPORT=5433, PGDATABASE=toxindex, PGUSER=postgres, PGPASSWORD=devpassword
2025-06-09 17:02:59,711 - root - INFO - app.py:47 - SECRET_KEY: spain
2025-06-09 17:02:59,711 - root - INFO - app.py:48 - WTF_CSRF_ENABLED: not set
2025-06-09 17:02:59,713 - engineio.server - INFO - base_server.py:112 - Server initialized for eventlet.
2025-06-09 17:02:59,722 - root - DEBUG - datastore.py:56 - done
2025-06-09 17:02:59,722 - root - INFO - workflow.py:48 - updated workflow 1
2025-06-09 17:02:59,731 - root - DEBUG - datastore.py:56 - done
2025-06-09 17:02:59,731 - root - INFO - workflow.py:48 - updated workflow 2
2025-06-09 17:02:59,741 - root - DEBUG - datastore.py:56 - done
2025-06-09 17:02:59,741 - root - INFO - workflow.py:48 - updated workflow 3
2025-06-09 17:02:59,752 - root - DEBUG - datastore.py:56 - done
2025-06-09 17:02:59,753 - root - INFO - workflow.py:48 - updated workflow 4
2025-06-09 17:02:59,768 - werkzeug - WARNING - _internal.py:97 -  * Debugger is active!
2025-06-09 17:02:59,770 - root - INFO - app.py:89 - [redis_listener] (dd3094d9) Started Redis listener thread: RedisListenerThread-392a2860
2025-06-09 17:02:59,770 - root - DEBUG - app.py:91 - [redis_listener] (dd3094d9) Raw redis_message: {'type': 'subscribe', 'pattern': None, 'channel': b'celery_updates', 'data': 1}
2025-06-09 17:02:59,773 - werkzeug - INFO - _internal.py:97 -  * Debugger PIN: 842-788-610
2025-06-09 17:03:00,176 - engineio.server - INFO - socket.py:78 - DzJIeYd9jvzvyGl8AAAA: Sending packet OPEN data {'sid': 'DzJIeYd9jvzvyGl8AAAA', 'upgrades': [], 'pingTimeout': 20000, 'pingInterval': 25000, 'maxPayload': 1000000}
2025-06-09 17:03:00,176 - socketio.server - INFO - pubsub_manager.py:37 - redis backend initialized.
2025-06-09 17:03:00,176 - engineio.server - INFO - socket.py:90 - DzJIeYd9jvzvyGl8AAAA: Received request to upgrade to websocket
2025-06-09 17:03:00,176 - engineio.server - INFO - socket.py:219 - DzJIeYd9jvzvyGl8AAAA: Upgrade to websocket successful
2025-06-09 17:03:00,179 - engineio.server - INFO - socket.py:39 - DzJIeYd9jvzvyGl8AAAA: Received packet MESSAGE data 0
2025-06-09 17:03:00,181 - root - INFO - app.py:146 - [socketio] Client connected: rpV2_yVNro8X8vUDAAAB
2025-06-09 17:03:00,181 - socketio.server - INFO - server.py:164 - emitting event "connected" to rpV2_yVNro8X8vUDAAAB [/]
2025-06-09 17:03:00,181 - engineio.server - INFO - socket.py:78 - DzJIeYd9jvzvyGl8AAAA: Sending packet MESSAGE data 2["connected",{"sid":"rpV2_yVNro8X8vUDAAAB"}]
2025-06-09 17:03:00,183 - engineio.server - INFO - socket.py:78 - DzJIeYd9jvzvyGl8AAAA: Sending packet MESSAGE data 0{"sid":"rpV2_yVNro8X8vUDAAAB"}
2025-06-09 17:03:06,938 - werkzeug - INFO - _internal.py:97 -  * Detected change in '/home/kyu/Documents/toxindex/webserver/model/task.py', reloading
2025-06-09 17:03:08,107 - root - INFO - probra.py:28 - probra.py module loaded
2025-06-09 17:03:08,166 - root - INFO - app.py:37 - DB ENV (Flask startup): PGHOST=localhost, PGPORT=5433, PGDATABASE=toxindex, PGUSER=postgres, PGPASSWORD=devpassword
2025-06-09 17:03:08,166 - root - INFO - app.py:47 - SECRET_KEY: spain
2025-06-09 17:03:08,167 - root - INFO - app.py:48 - WTF_CSRF_ENABLED: not set
2025-06-09 17:03:08,169 - engineio.server - INFO - base_server.py:112 - Server initialized for eventlet.
2025-06-09 17:03:08,179 - root - DEBUG - datastore.py:56 - done
2025-06-09 17:03:08,179 - root - INFO - workflow.py:48 - updated workflow 1
2025-06-09 17:03:08,189 - root - DEBUG - datastore.py:56 - done
2025-06-09 17:03:08,189 - root - INFO - workflow.py:48 - updated workflow 2
2025-06-09 17:03:08,199 - root - DEBUG - datastore.py:56 - done
2025-06-09 17:03:08,200 - root - INFO - workflow.py:48 - updated workflow 3
2025-06-09 17:03:08,210 - root - DEBUG - datastore.py:56 - done
2025-06-09 17:03:08,210 - root - INFO - workflow.py:48 - updated workflow 4
2025-06-09 17:03:08,224 - werkzeug - WARNING - _internal.py:97 -  * Debugger is active!
2025-06-09 17:03:08,226 - root - INFO - app.py:89 - [redis_listener] (86e3baee) Started Redis listener thread: RedisListenerThread-6d599c24
2025-06-09 17:03:08,226 - root - DEBUG - app.py:91 - [redis_listener] (86e3baee) Raw redis_message: {'type': 'subscribe', 'pattern': None, 'channel': b'celery_updates', 'data': 1}
2025-06-09 17:03:08,229 - werkzeug - INFO - _internal.py:97 -  * Debugger PIN: 842-788-610
2025-06-09 17:03:10,298 - engineio.server - INFO - socket.py:78 - yFCP-CbtjtVy__9wAAAA: Sending packet OPEN data {'sid': 'yFCP-CbtjtVy__9wAAAA', 'upgrades': [], 'pingTimeout': 20000, 'pingInterval': 25000, 'maxPayload': 1000000}
2025-06-09 17:03:10,298 - socketio.server - INFO - pubsub_manager.py:37 - redis backend initialized.
2025-06-09 17:03:10,298 - engineio.server - INFO - socket.py:90 - yFCP-CbtjtVy__9wAAAA: Received request to upgrade to websocket
2025-06-09 17:03:10,299 - engineio.server - INFO - socket.py:219 - yFCP-CbtjtVy__9wAAAA: Upgrade to websocket successful
2025-06-09 17:03:10,300 - engineio.server - INFO - socket.py:39 - yFCP-CbtjtVy__9wAAAA: Received packet MESSAGE data 0
2025-06-09 17:03:10,302 - root - INFO - app.py:146 - [socketio] Client connected: k9cgtBby-iTRAviZAAAB
2025-06-09 17:03:10,302 - socketio.server - INFO - server.py:164 - emitting event "connected" to k9cgtBby-iTRAviZAAAB [/]
2025-06-09 17:03:10,302 - engineio.server - INFO - socket.py:78 - yFCP-CbtjtVy__9wAAAA: Sending packet MESSAGE data 2["connected",{"sid":"k9cgtBby-iTRAviZAAAB"}]
2025-06-09 17:03:10,303 - engineio.server - INFO - socket.py:78 - yFCP-CbtjtVy__9wAAAA: Sending packet MESSAGE data 0{"sid":"k9cgtBby-iTRAviZAAAB"}
2025-06-09 17:03:35,302 - engineio.server - INFO - socket.py:78 - yFCP-CbtjtVy__9wAAAA: Sending packet PING data None
2025-06-09 17:03:35,304 - engineio.server - INFO - socket.py:39 - yFCP-CbtjtVy__9wAAAA: Received packet PONG data 
2025-06-09 17:04:00,305 - engineio.server - INFO - socket.py:78 - yFCP-CbtjtVy__9wAAAA: Sending packet PING data None
2025-06-09 17:04:00,308 - engineio.server - INFO - socket.py:39 - yFCP-CbtjtVy__9wAAAA: Received packet PONG data 
2025-06-09 17:04:25,312 - engineio.server - INFO - socket.py:78 - yFCP-CbtjtVy__9wAAAA: Sending packet PING data None
2025-06-09 17:04:25,314 - engineio.server - INFO - socket.py:39 - yFCP-CbtjtVy__9wAAAA: Received packet PONG data 
2025-06-09 17:04:37,127 - root - DEBUG - datastore.py:71 - error executing query
2025-06-09 17:04:37,127 - root - DEBUG - datastore.py:72 - SELECT *, archived, last_accessed FROM tasks WHERE environment_id = %s AND user_id = %s ORDER BY created_at DESC
2025-06-09 17:04:37,127 - root - DEBUG - datastore.py:73 - column "archived" does not exist
LINE 1: SELECT *, archived, last_accessed FROM tasks WHERE environme...
                  ^

2025-06-09 17:04:37,143 - root - INFO - app.py:408 - [environment_view] workflow_titles mapping: {'4': 'orchestrate', '3': 'ToxJson', '2': 'ToxDirect', '1': 'ToxRAP'}
2025-06-09 17:04:37,170 - engineio.server - INFO - socket.py:78 - N1JdkYgV3ah1lDppAAAC: Sending packet OPEN data {'sid': 'N1JdkYgV3ah1lDppAAAC', 'upgrades': [], 'pingTimeout': 20000, 'pingInterval': 25000, 'maxPayload': 1000000}
2025-06-09 17:04:37,170 - engineio.server - INFO - socket.py:90 - N1JdkYgV3ah1lDppAAAC: Received request to upgrade to websocket
2025-06-09 17:04:37,171 - engineio.server - INFO - socket.py:219 - N1JdkYgV3ah1lDppAAAC: Upgrade to websocket successful
2025-06-09 17:04:37,174 - engineio.server - INFO - socket.py:39 - N1JdkYgV3ah1lDppAAAC: Received packet MESSAGE data 0
2025-06-09 17:04:37,175 - root - INFO - app.py:146 - [socketio] Client connected: xCRFJwgkMz05X70nAAAD
2025-06-09 17:04:37,175 - socketio.server - INFO - server.py:164 - emitting event "connected" to xCRFJwgkMz05X70nAAAD [/]
2025-06-09 17:04:37,175 - engineio.server - INFO - socket.py:78 - N1JdkYgV3ah1lDppAAAC: Sending packet MESSAGE data 2["connected",{"sid":"xCRFJwgkMz05X70nAAAD"}]
2025-06-09 17:04:37,175 - engineio.server - INFO - socket.py:78 - N1JdkYgV3ah1lDppAAAC: Sending packet MESSAGE data 0{"sid":"xCRFJwgkMz05X70nAAAD"}
2025-06-09 17:05:02,176 - engineio.server - INFO - socket.py:78 - N1JdkYgV3ah1lDppAAAC: Sending packet PING data None
2025-06-09 17:05:02,178 - engineio.server - INFO - socket.py:39 - N1JdkYgV3ah1lDppAAAC: Received packet PONG data 
2025-06-09 17:05:10,721 - root - DEBUG - datastore.py:71 - error executing query
2025-06-09 17:05:10,721 - root - DEBUG - datastore.py:72 - SELECT *, archived, last_accessed FROM tasks WHERE environment_id = %s AND user_id = %s ORDER BY created_at DESC
2025-06-09 17:05:10,721 - root - DEBUG - datastore.py:73 - column "archived" does not exist
LINE 1: SELECT *, archived, last_accessed FROM tasks WHERE environme...
                  ^

2025-06-09 17:05:10,739 - root - INFO - app.py:408 - [environment_view] workflow_titles mapping: {'4': 'orchestrate', '3': 'ToxJson', '2': 'ToxDirect', '1': 'ToxRAP'}
2025-06-09 17:05:10,761 - engineio.server - INFO - socket.py:78 - fgun19hKs011OdlbAAAE: Sending packet OPEN data {'sid': 'fgun19hKs011OdlbAAAE', 'upgrades': [], 'pingTimeout': 20000, 'pingInterval': 25000, 'maxPayload': 1000000}
2025-06-09 17:05:10,762 - engineio.server - INFO - socket.py:90 - fgun19hKs011OdlbAAAE: Received request to upgrade to websocket
2025-06-09 17:05:10,762 - engineio.server - INFO - socket.py:219 - fgun19hKs011OdlbAAAE: Upgrade to websocket successful
2025-06-09 17:05:10,769 - engineio.server - INFO - socket.py:39 - fgun19hKs011OdlbAAAE: Received packet MESSAGE data 0
2025-06-09 17:05:10,770 - root - INFO - app.py:146 - [socketio] Client connected: z-7wrA8UjgADxZvtAAAF
2025-06-09 17:05:10,770 - socketio.server - INFO - server.py:164 - emitting event "connected" to z-7wrA8UjgADxZvtAAAF [/]
2025-06-09 17:05:10,770 - engineio.server - INFO - socket.py:78 - fgun19hKs011OdlbAAAE: Sending packet MESSAGE data 2["connected",{"sid":"z-7wrA8UjgADxZvtAAAF"}]
2025-06-09 17:05:10,771 - engineio.server - INFO - socket.py:78 - fgun19hKs011OdlbAAAE: Sending packet MESSAGE data 0{"sid":"z-7wrA8UjgADxZvtAAAF"}
2025-06-09 17:05:11,293 - root - DEBUG - datastore.py:71 - error executing query
2025-06-09 17:05:11,293 - root - DEBUG - datastore.py:72 - SELECT *, archived, last_accessed FROM tasks WHERE environment_id = %s AND user_id = %s ORDER BY created_at DESC
2025-06-09 17:05:11,293 - root - DEBUG - datastore.py:73 - column "archived" does not exist
LINE 1: SELECT *, archived, last_accessed FROM tasks WHERE environme...
                  ^

2025-06-09 17:05:11,309 - root - INFO - app.py:408 - [environment_view] workflow_titles mapping: {'4': 'orchestrate', '3': 'ToxJson', '2': 'ToxDirect', '1': 'ToxRAP'}
2025-06-09 17:05:11,340 - engineio.server - INFO - socket.py:78 - p61-kNCTqUsrPbKlAAAG: Sending packet OPEN data {'sid': 'p61-kNCTqUsrPbKlAAAG', 'upgrades': [], 'pingTimeout': 20000, 'pingInterval': 25000, 'maxPayload': 1000000}
2025-06-09 17:05:11,340 - engineio.server - INFO - socket.py:90 - p61-kNCTqUsrPbKlAAAG: Received request to upgrade to websocket
2025-06-09 17:05:11,340 - engineio.server - INFO - socket.py:219 - p61-kNCTqUsrPbKlAAAG: Upgrade to websocket successful
2025-06-09 17:05:11,347 - engineio.server - INFO - socket.py:39 - p61-kNCTqUsrPbKlAAAG: Received packet MESSAGE data 0
2025-06-09 17:05:11,348 - root - INFO - app.py:146 - [socketio] Client connected: j8MS5oQNb1fu1HxcAAAH
2025-06-09 17:05:11,348 - socketio.server - INFO - server.py:164 - emitting event "connected" to j8MS5oQNb1fu1HxcAAAH [/]
2025-06-09 17:05:11,348 - engineio.server - INFO - socket.py:78 - p61-kNCTqUsrPbKlAAAG: Sending packet MESSAGE data 2["connected",{"sid":"j8MS5oQNb1fu1HxcAAAH"}]
2025-06-09 17:05:11,349 - engineio.server - INFO - socket.py:78 - p61-kNCTqUsrPbKlAAAG: Sending packet MESSAGE data 0{"sid":"j8MS5oQNb1fu1HxcAAAH"}
2025-06-09 17:05:11,748 - root - DEBUG - datastore.py:71 - error executing query
2025-06-09 17:05:11,748 - root - DEBUG - datastore.py:72 - SELECT *, archived, last_accessed FROM tasks WHERE environment_id = %s AND user_id = %s ORDER BY created_at DESC
2025-06-09 17:05:11,748 - root - DEBUG - datastore.py:73 - column "archived" does not exist
LINE 1: SELECT *, archived, last_accessed FROM tasks WHERE environme...
                  ^

2025-06-09 17:05:11,763 - root - INFO - app.py:408 - [environment_view] workflow_titles mapping: {'4': 'orchestrate', '3': 'ToxJson', '2': 'ToxDirect', '1': 'ToxRAP'}
2025-06-09 17:05:11,793 - engineio.server - INFO - socket.py:78 - 6Gcrwiwz-5WGoqJ6AAAI: Sending packet OPEN data {'sid': '6Gcrwiwz-5WGoqJ6AAAI', 'upgrades': [], 'pingTimeout': 20000, 'pingInterval': 25000, 'maxPayload': 1000000}
2025-06-09 17:05:11,793 - engineio.server - INFO - socket.py:90 - 6Gcrwiwz-5WGoqJ6AAAI: Received request to upgrade to websocket
2025-06-09 17:05:11,793 - engineio.server - INFO - socket.py:219 - 6Gcrwiwz-5WGoqJ6AAAI: Upgrade to websocket successful
2025-06-09 17:05:11,804 - engineio.server - INFO - socket.py:39 - 6Gcrwiwz-5WGoqJ6AAAI: Received packet MESSAGE data 0
2025-06-09 17:05:11,806 - root - INFO - app.py:146 - [socketio] Client connected: 7n4VRqph-Oe2YE5EAAAJ
2025-06-09 17:05:11,806 - socketio.server - INFO - server.py:164 - emitting event "connected" to 7n4VRqph-Oe2YE5EAAAJ [/]
2025-06-09 17:05:11,806 - engineio.server - INFO - socket.py:78 - 6Gcrwiwz-5WGoqJ6AAAI: Sending packet MESSAGE data 2["connected",{"sid":"7n4VRqph-Oe2YE5EAAAJ"}]
2025-06-09 17:05:11,807 - engineio.server - INFO - socket.py:78 - 6Gcrwiwz-5WGoqJ6AAAI: Sending packet MESSAGE data 0{"sid":"7n4VRqph-Oe2YE5EAAAJ"}
2025-06-09 17:05:12,331 - root - DEBUG - datastore.py:71 - error executing query
2025-06-09 17:05:12,331 - root - DEBUG - datastore.py:72 - SELECT *, archived, last_accessed FROM tasks WHERE environment_id = %s AND user_id = %s ORDER BY created_at DESC
2025-06-09 17:05:12,331 - root - DEBUG - datastore.py:73 - column "archived" does not exist
LINE 1: SELECT *, archived, last_accessed FROM tasks WHERE environme...
                  ^

2025-06-09 17:05:12,348 - root - INFO - app.py:408 - [environment_view] workflow_titles mapping: {'4': 'orchestrate', '3': 'ToxJson', '2': 'ToxDirect', '1': 'ToxRAP'}
2025-06-09 17:05:12,379 - engineio.server - INFO - socket.py:78 - zWdV_3cCPwxyGF-pAAAK: Sending packet OPEN data {'sid': 'zWdV_3cCPwxyGF-pAAAK', 'upgrades': [], 'pingTimeout': 20000, 'pingInterval': 25000, 'maxPayload': 1000000}
2025-06-09 17:05:12,379 - engineio.server - INFO - socket.py:90 - zWdV_3cCPwxyGF-pAAAK: Received request to upgrade to websocket
2025-06-09 17:05:12,379 - engineio.server - INFO - socket.py:219 - zWdV_3cCPwxyGF-pAAAK: Upgrade to websocket successful
2025-06-09 17:05:12,386 - engineio.server - INFO - socket.py:39 - zWdV_3cCPwxyGF-pAAAK: Received packet MESSAGE data 0
2025-06-09 17:05:12,386 - root - INFO - app.py:146 - [socketio] Client connected: bLNRlYOC3I9rWz2AAAAL
2025-06-09 17:05:12,387 - socketio.server - INFO - server.py:164 - emitting event "connected" to bLNRlYOC3I9rWz2AAAAL [/]
2025-06-09 17:05:12,387 - engineio.server - INFO - socket.py:78 - zWdV_3cCPwxyGF-pAAAK: Sending packet MESSAGE data 2["connected",{"sid":"bLNRlYOC3I9rWz2AAAAL"}]
2025-06-09 17:05:12,387 - engineio.server - INFO - socket.py:78 - zWdV_3cCPwxyGF-pAAAK: Sending packet MESSAGE data 0{"sid":"bLNRlYOC3I9rWz2AAAAL"}
2025-06-09 17:05:14,136 - root - DEBUG - datastore.py:56 - done
2025-06-09 17:05:14,136 - root - INFO - environment.py:75 - Deleted environment 34 for user 078a38e9-c1b8-421e-b797-59ee3ae69df4
2025-06-09 17:05:14,881 - root - DEBUG - datastore.py:56 - done
2025-06-09 17:05:14,882 - root - INFO - environment.py:75 - Deleted environment 33 for user 078a38e9-c1b8-421e-b797-59ee3ae69df4
2025-06-09 17:05:15,249 - root - DEBUG - datastore.py:71 - error executing query
2025-06-09 17:05:15,250 - root - DEBUG - datastore.py:72 - SELECT *, archived, last_accessed FROM tasks WHERE environment_id = %s AND user_id = %s ORDER BY created_at DESC
2025-06-09 17:05:15,250 - root - DEBUG - datastore.py:73 - column "archived" does not exist
LINE 1: SELECT *, archived, last_accessed FROM tasks WHERE environme...
                  ^

2025-06-09 17:05:15,267 - root - INFO - app.py:408 - [environment_view] workflow_titles mapping: {'4': 'orchestrate', '3': 'ToxJson', '2': 'ToxDirect', '1': 'ToxRAP'}
2025-06-09 17:05:15,303 - engineio.server - INFO - socket.py:78 - hwK6Fb5UrpqyzgKsAAAM: Sending packet OPEN data {'sid': 'hwK6Fb5UrpqyzgKsAAAM', 'upgrades': [], 'pingTimeout': 20000, 'pingInterval': 25000, 'maxPayload': 1000000}
2025-06-09 17:05:15,303 - engineio.server - INFO - socket.py:90 - hwK6Fb5UrpqyzgKsAAAM: Received request to upgrade to websocket
2025-06-09 17:05:15,303 - engineio.server - INFO - socket.py:219 - hwK6Fb5UrpqyzgKsAAAM: Upgrade to websocket successful
2025-06-09 17:05:15,315 - engineio.server - INFO - socket.py:39 - hwK6Fb5UrpqyzgKsAAAM: Received packet MESSAGE data 0
2025-06-09 17:05:15,317 - root - INFO - app.py:146 - [socketio] Client connected: fZC7zFSLP3gy8-LZAAAN
2025-06-09 17:05:15,317 - socketio.server - INFO - server.py:164 - emitting event "connected" to fZC7zFSLP3gy8-LZAAAN [/]
2025-06-09 17:05:15,317 - engineio.server - INFO - socket.py:78 - hwK6Fb5UrpqyzgKsAAAM: Sending packet MESSAGE data 2["connected",{"sid":"fZC7zFSLP3gy8-LZAAAN"}]
2025-06-09 17:05:15,318 - engineio.server - INFO - socket.py:78 - hwK6Fb5UrpqyzgKsAAAM: Sending packet MESSAGE data 0{"sid":"fZC7zFSLP3gy8-LZAAAN"}
2025-06-09 17:05:16,532 - root - DEBUG - datastore.py:56 - done
2025-06-09 17:05:16,532 - root - INFO - environment.py:75 - Deleted environment 32 for user 078a38e9-c1b8-421e-b797-59ee3ae69df4
2025-06-09 17:05:17,311 - root - DEBUG - datastore.py:56 - done
2025-06-09 17:05:17,312 - root - INFO - environment.py:75 - Deleted environment 31 for user 078a38e9-c1b8-421e-b797-59ee3ae69df4
2025-06-09 17:05:18,247 - root - DEBUG - datastore.py:71 - error executing query
2025-06-09 17:05:18,247 - root - DEBUG - datastore.py:72 - SELECT *, archived, last_accessed FROM tasks WHERE environment_id = %s AND user_id = %s ORDER BY created_at DESC
2025-06-09 17:05:18,247 - root - DEBUG - datastore.py:73 - column "archived" does not exist
LINE 1: SELECT *, archived, last_accessed FROM tasks WHERE environme...
                  ^

2025-06-09 17:05:18,263 - root - INFO - app.py:408 - [environment_view] workflow_titles mapping: {'4': 'orchestrate', '3': 'ToxJson', '2': 'ToxDirect', '1': 'ToxRAP'}
2025-06-09 17:05:18,285 - engineio.server - INFO - socket.py:78 - x6EXKCPfeZRIrFLwAAAO: Sending packet OPEN data {'sid': 'x6EXKCPfeZRIrFLwAAAO', 'upgrades': [], 'pingTimeout': 20000, 'pingInterval': 25000, 'maxPayload': 1000000}
2025-06-09 17:05:18,285 - engineio.server - INFO - socket.py:90 - x6EXKCPfeZRIrFLwAAAO: Received request to upgrade to websocket
2025-06-09 17:05:18,286 - engineio.server - INFO - socket.py:219 - x6EXKCPfeZRIrFLwAAAO: Upgrade to websocket successful
2025-06-09 17:05:18,288 - engineio.server - INFO - socket.py:39 - x6EXKCPfeZRIrFLwAAAO: Received packet MESSAGE data 0
2025-06-09 17:05:18,288 - root - INFO - app.py:146 - [socketio] Client connected: hDWGLs_3ay3llonUAAAP
2025-06-09 17:05:18,288 - socketio.server - INFO - server.py:164 - emitting event "connected" to hDWGLs_3ay3llonUAAAP [/]
2025-06-09 17:05:18,288 - engineio.server - INFO - socket.py:78 - x6EXKCPfeZRIrFLwAAAO: Sending packet MESSAGE data 2["connected",{"sid":"hDWGLs_3ay3llonUAAAP"}]
2025-06-09 17:05:18,289 - engineio.server - INFO - socket.py:78 - x6EXKCPfeZRIrFLwAAAO: Sending packet MESSAGE data 0{"sid":"hDWGLs_3ay3llonUAAAP"}
2025-06-09 17:05:43,288 - engineio.server - INFO - socket.py:78 - x6EXKCPfeZRIrFLwAAAO: Sending packet PING data None
2025-06-09 17:05:43,290 - engineio.server - INFO - socket.py:39 - x6EXKCPfeZRIrFLwAAAO: Received packet PONG data 
2025-06-09 17:06:08,295 - engineio.server - INFO - socket.py:78 - x6EXKCPfeZRIrFLwAAAO: Sending packet PING data None
2025-06-09 17:06:08,297 - engineio.server - INFO - socket.py:39 - x6EXKCPfeZRIrFLwAAAO: Received packet PONG data 
2025-06-09 17:06:33,300 - engineio.server - INFO - socket.py:78 - x6EXKCPfeZRIrFLwAAAO: Sending packet PING data None
2025-06-09 17:06:33,302 - engineio.server - INFO - socket.py:39 - x6EXKCPfeZRIrFLwAAAO: Received packet PONG data 
